2021-11-05 16:40:48,006 - instabot version: 0.117.0 (bot) - INFO - Instabot version: 0.117.0 Started
2021-11-05 16:40:48,006 - instabot version: 0.117.0 (bot) - DEBUG - Bot imported from /Library/Frameworks/Python.framework/Versions/3.9/lib/python3.9/site-packages/instabot/bot/bot.py
2021-11-05 16:40:48,007 - instabot version: 0.117.0 (api_login) - INFO - Not yet logged in starting: PRE-LOGIN FLOW!
2021-11-05 16:40:48,377 - instabot version: 0.117.0 (api) - DEBUG - POST to endpoint: accounts/get_prefill_candidates/ returned response: <Response [200]>
2021-11-05 16:40:48,991 - instabot version: 0.117.0 (api) - DEBUG - POST to endpoint: qe/sync/ returned response: <Response [200]>
2021-11-05 16:40:49,605 - instabot version: 0.117.0 (api) - DEBUG - POST to endpoint: launcher/sync/ returned response: <Response [200]>
2021-11-05 16:40:50,220 - instabot version: 0.117.0 (api) - DEBUG - POST to endpoint: accounts/contact_point_prefill/ returned response: <Response [200]>
2021-11-05 16:40:52,471 - instabot version: 0.117.0 (api) - DEBUG - POST to endpoint: accounts/login/ returned response: <Response [200]>
2021-11-05 16:40:52,471 - instabot version: 0.117.0 (api) - INFO - Logged-in successfully as 'giudoinstambot'!
2021-11-05 16:40:52,471 - instabot version: 0.117.0 (api_login) - INFO - LOGIN FLOW! Just logged-in: True
2021-11-05 16:40:52,818 - instabot version: 0.117.0 (api) - DEBUG - POST to endpoint: qe/sync/ returned response: <Response [200]>
2021-11-05 16:40:53,356 - instabot version: 0.117.0 (api) - DEBUG - POST to endpoint: launcher/sync/ returned response: <Response [200]>
2021-11-05 16:40:54,223 - instabot version: 0.117.0 (api) - DEBUG - GET to endpoint: zr/token/result/?device_id=android-0408bc8cf7269a3e&token_hash=&custom_device_id=android-0408bc8cf7269a3e&fetch_reason=token_expired returned response: <Response [200]>
2021-11-05 16:40:55,135 - instabot version: 0.117.0 (api) - DEBUG - GET to endpoint: multiple_accounts/get_account_family/ returned response: <Response [200]>
2021-11-05 16:40:55,750 - instabot version: 0.117.0 (api) - DEBUG - POST to endpoint: qe/sync/ returned response: <Response [200]>
2021-11-05 16:40:56,406 - instabot version: 0.117.0 (api) - DEBUG - GET to endpoint: igtv/browse_feed/?prefetch=1 returned response: <Response [200]>
2021-11-05 16:40:56,978 - instabot version: 0.117.0 (api) - DEBUG - POST to endpoint: creatives/ar_class/ returned response: <Response [200]>
2021-11-05 16:40:57,594 - instabot version: 0.117.0 (api) - DEBUG - POST to endpoint: feed/reels_tray/ returned response: <Response [200]>
2021-11-05 16:41:01,330 - instabot version: 0.117.0 (api) - DEBUG - POST to endpoint: feed/timeline/ returned response: <Response [200]>
2021-11-05 16:41:01,692 - instabot version: 0.117.0 (api) - DEBUG - GET to endpoint: media/blocked/ returned response: <Response [200]>
2021-11-05 16:41:02,760 - instabot version: 0.117.0 (api) - DEBUG - GET to endpoint: news/inbox/ returned response: <Response [200]>
2021-11-05 16:41:03,122 - instabot version: 0.117.0 (api) - DEBUG - GET to endpoint: loom/fetch_config/ returned response: <Response [200]>
2021-11-05 16:41:03,737 - instabot version: 0.117.0 (api) - DEBUG - GET to endpoint: scores/bootstrap/users/?surfaces=["autocomplete_user_list","coefficient_besties_list_ranking","coefficient_rank_recipient_user_suggestion","coefficient_ios_section_test_bootstrap_ranking","coefficient_direct_recipients_ranking_variant_2"] returned response: <Response [200]>
2021-11-05 16:41:04,351 - instabot version: 0.117.0 (api) - DEBUG - GET to endpoint: business/eligibility/get_monetization_products_eligibility_data/?product_types=branded_content returned response: <Response [200]>
2021-11-05 16:41:05,917 - instabot version: 0.117.0 (api) - DEBUG - GET to endpoint: business/branded_content/should_require_professional_account/ returned response: <Response [200]>
2021-11-05 16:41:06,217 - instabot version: 0.117.0 (api) - DEBUG - GET to endpoint: linked_accounts/get_linkage_status/ returned response: <Response [200]>
2021-11-05 16:41:06,503 - instabot version: 0.117.0 (api) - DEBUG - GET to endpoint: locations/request_country/ returned response: <Response [200]>
2021-11-05 16:41:07,131 - instabot version: 0.117.0 (api) - DEBUG - GET to endpoint: qp/get_cooldowns/?signed_body=signed_body=4b9c516a5410a3bc128e09c6104a7f042146b9c2023870560c63a43a7f66781c.4&ig_sig_key_version=4&ig_sig_key_version=4 returned response: <Response [200]>
2021-11-05 16:41:07,730 - instabot version: 0.117.0 (api) - DEBUG - GET to endpoint: users/arlink_download_info/?version_override=2.2.1 returned response: <Response [200]>
2021-11-05 16:41:08,345 - instabot version: 0.117.0 (api) - DEBUG - GET to endpoint: users/49818294203/info/ returned response: <Response [200]>
2021-11-05 16:41:08,959 - instabot version: 0.117.0 (api) - DEBUG - GET to endpoint: direct_v2/get_presence/ returned response: <Response [200]>
2021-11-05 16:41:09,574 - instabot version: 0.117.0 (api) - DEBUG - GET to endpoint: direct_v2/inbox/?visual_message_return_type=unseen&thread_message_limit=10&persistentBadging=true&limit=20 returned response: <Response [200]>
2021-11-05 16:42:24,656 - instabot version: 0.117.0 (api) - WARNING - HTTPSConnectionPool(host='i.instagram.com', port=443): Max retries exceeded with url: /api/v1/direct_v2/inbox/?visual_message_return_type=unseen&persistentBadging=true&limit=0 (Caused by NewConnectionError('<urllib3.connection.HTTPSConnection object at 0x7ff84983d9a0>: Failed to establish a new connection: [Errno 60] Operation timed out'))
2021-11-05 16:42:25,152 - instabot version: 0.117.0 (api) - DEBUG - GET to endpoint: discover/topical_explore/?is_prefetch=true&omit_cover_media=true&use_sectional_payload=true&timezone_offset=0&session_id=8ce715fb-279b-47de-a58c-6f4aa76ae2c7&include_fixed_destinations=true returned response: <Response [200]>
2021-11-05 16:42:25,760 - instabot version: 0.117.0 (api) - DEBUG - POST to endpoint: notifications/badge/ returned response: <Response [200]>
2021-11-05 16:42:26,375 - instabot version: 0.117.0 (api) - DEBUG - POST to endpoint: qp/batch_fetch/ returned response: <Response [200]>
2021-11-05 16:42:26,375 - instabot version: 0.117.0 (bot_checkpoint) - DEBUG - Loading Checkpoint file from: /Users/fabiodonello/Desktop/Esame OOP/InstgramBot_2/config/giudoinstambot.checkpoint
2021-11-05 16:42:26,990 - instabot version: 0.117.0 (api) - DEBUG - GET to endpoint: feed/tag/jkjbc/?max_id=&rank_token=49818294203_a070b58c-1c21-44ba-a8c1-78a5c673c72f&ranked_content=true& returned response: <Response [200]>
2021-11-05 16:42:28,219 - instabot version: 0.117.0 (api) - DEBUG - GET to endpoint: users/6861546501/info/ returned response: <Response [200]>
2021-11-05 16:42:28,219 - instabot version: 0.117.0 (bot_follow) - INFO - Going to follow `user_id` 6861546501.
2021-11-05 16:42:28,219 - instabot version: 0.117.0 (api) - DEBUG - post data: {"user_id": "6861546501", "radio_type": "wifi-none", "device_id": "android-0408bc8cf7269a3e", "_uuid": "a070b58c-1c21-44ba-a8c1-78a5c673c72f", "_uid": "49818294203", "_csrftoken": "xMNyRC8kOzAyMTPYcxXuRmd0LWsrot5T"}
2021-11-05 16:42:29,140 - instabot version: 0.117.0 (api) - DEBUG - POST to endpoint: friendships/create/6861546501/ returned response: <Response [200]>
2021-11-05 16:42:29,140 - instabot version: 0.117.0 (bot_follow) - INFO - Followed `user_id` 6861546501.
2021-11-05 16:42:29,754 - instabot version: 0.117.0 (api) - DEBUG - GET to endpoint: users/49818294203/info/ returned response: <Response [200]>
2021-11-05 16:42:30,370 - instabot version: 0.117.0 (api) - DEBUG - GET to endpoint: friendships/49818294203/following/?max_id=&ig_sig_key_version=4&rank_token=49818294203_a070b58c-1c21-44ba-a8c1-78a5c673c72f returned response: <Response [200]>
2021-11-05 16:42:31,053 - instabot version: 0.117.0 (api) - DEBUG - GET to endpoint: users/311892237/info/ returned response: <Response [200]>
2021-11-05 16:42:31,054 - instabot version: 0.117.0 (bot_follow) - INFO - Going to follow `user_id` 311892237.
