2021-11-09 18:41:11,255 - instabot version: 0.117.0 (bot) - INFO - Instabot version: 0.117.0 Started
2021-11-09 18:41:11,255 - instabot version: 0.117.0 (bot) - DEBUG - Bot imported from /Library/Frameworks/Python.framework/Versions/3.9/lib/python3.9/site-packages/instabot/bot/bot.py
2021-11-09 18:41:11,256 - instabot version: 0.117.0 (api_login) - INFO - Not yet logged in starting: PRE-LOGIN FLOW!
2021-11-09 18:41:11,647 - instabot version: 0.117.0 (api) - DEBUG - POST to endpoint: accounts/get_prefill_candidates/ returned response: <Response [200]>
2021-11-09 18:41:12,058 - instabot version: 0.117.0 (api) - DEBUG - POST to endpoint: qe/sync/ returned response: <Response [200]>
2021-11-09 18:41:12,364 - instabot version: 0.117.0 (api) - DEBUG - POST to endpoint: launcher/sync/ returned response: <Response [200]>
2021-11-09 18:41:12,976 - instabot version: 0.117.0 (api) - DEBUG - POST to endpoint: accounts/contact_point_prefill/ returned response: <Response [200]>
2021-11-09 18:41:14,944 - instabot version: 0.117.0 (api) - DEBUG - POST to endpoint: accounts/login/ returned response: <Response [200]>
2021-11-09 18:41:14,944 - instabot version: 0.117.0 (api) - INFO - Logged-in successfully as 'giudoinstambot'!
2021-11-09 18:41:14,944 - instabot version: 0.117.0 (api_login) - INFO - LOGIN FLOW! Just logged-in: True
2021-11-09 18:41:15,438 - instabot version: 0.117.0 (api) - DEBUG - POST to endpoint: qe/sync/ returned response: <Response [200]>
2021-11-09 18:41:15,874 - instabot version: 0.117.0 (api) - DEBUG - POST to endpoint: launcher/sync/ returned response: <Response [200]>
2021-11-09 18:41:16,255 - instabot version: 0.117.0 (api) - DEBUG - GET to endpoint: zr/token/result/?device_id=android-0408bc8cf7269a3e&token_hash=&custom_device_id=android-0408bc8cf7269a3e&fetch_reason=token_expired returned response: <Response [200]>
2021-11-09 18:41:16,684 - instabot version: 0.117.0 (api) - DEBUG - GET to endpoint: multiple_accounts/get_account_family/ returned response: <Response [200]>
2021-11-09 18:41:17,673 - instabot version: 0.117.0 (api) - DEBUG - POST to endpoint: qe/sync/ returned response: <Response [200]>
2021-11-09 18:41:19,224 - instabot version: 0.117.0 (api) - DEBUG - GET to endpoint: igtv/browse_feed/?prefetch=1 returned response: <Response [200]>
2021-11-09 18:41:21,185 - instabot version: 0.117.0 (api) - DEBUG - POST to endpoint: creatives/ar_class/ returned response: <Response [200]>
2021-11-09 18:41:22,094 - instabot version: 0.117.0 (api) - DEBUG - POST to endpoint: feed/reels_tray/ returned response: <Response [200]>
2021-11-09 18:41:24,400 - instabot version: 0.117.0 (api) - DEBUG - POST to endpoint: feed/timeline/ returned response: <Response [200]>
2021-11-09 18:41:24,960 - instabot version: 0.117.0 (api) - DEBUG - GET to endpoint: media/blocked/ returned response: <Response [200]>
2021-11-09 18:41:25,780 - instabot version: 0.117.0 (api) - DEBUG - GET to endpoint: news/inbox/ returned response: <Response [200]>
2021-11-09 18:42:41,107 - instabot version: 0.117.0 (api) - WARNING - HTTPSConnectionPool(host='i.instagram.com', port=443): Max retries exceeded with url: /api/v1/loom/fetch_config/ (Caused by NewConnectionError('<urllib3.connection.HTTPSConnection object at 0x7fb614170af0>: Failed to establish a new connection: [Errno 60] Operation timed out'))
2021-11-09 18:42:41,758 - instabot version: 0.117.0 (api) - DEBUG - GET to endpoint: scores/bootstrap/users/?surfaces=["autocomplete_user_list","coefficient_besties_list_ranking","coefficient_rank_recipient_user_suggestion","coefficient_ios_section_test_bootstrap_ranking","coefficient_direct_recipients_ranking_variant_2"] returned response: <Response [200]>
2021-11-09 18:42:42,271 - instabot version: 0.117.0 (api) - DEBUG - GET to endpoint: business/eligibility/get_monetization_products_eligibility_data/?product_types=branded_content returned response: <Response [200]>
2021-11-09 18:42:42,888 - instabot version: 0.117.0 (api) - DEBUG - GET to endpoint: business/branded_content/should_require_professional_account/ returned response: <Response [200]>
2021-11-09 18:42:43,302 - instabot version: 0.117.0 (api) - DEBUG - GET to endpoint: linked_accounts/get_linkage_status/ returned response: <Response [200]>
2021-11-09 18:42:43,908 - instabot version: 0.117.0 (api) - DEBUG - GET to endpoint: locations/request_country/ returned response: <Response [200]>
2021-11-09 18:42:44,421 - instabot version: 0.117.0 (api) - DEBUG - GET to endpoint: qp/get_cooldowns/?signed_body=signed_body=4b9c516a5410a3bc128e09c6104a7f042146b9c2023870560c63a43a7f66781c.4&ig_sig_key_version=4&ig_sig_key_version=4 returned response: <Response [200]>
2021-11-09 18:42:44,831 - instabot version: 0.117.0 (api) - DEBUG - GET to endpoint: users/arlink_download_info/?version_override=2.2.1 returned response: <Response [200]>
2021-11-09 18:42:45,444 - instabot version: 0.117.0 (api) - DEBUG - GET to endpoint: users/49818294203/info/ returned response: <Response [200]>
2021-11-09 18:42:46,114 - instabot version: 0.117.0 (api) - DEBUG - GET to endpoint: direct_v2/get_presence/ returned response: <Response [200]>
2021-11-09 18:42:46,524 - instabot version: 0.117.0 (api) - DEBUG - GET to endpoint: direct_v2/inbox/?visual_message_return_type=unseen&thread_message_limit=10&persistentBadging=true&limit=20 returned response: <Response [200]>
2021-11-09 18:42:46,908 - instabot version: 0.117.0 (api) - DEBUG - GET to endpoint: direct_v2/inbox/?visual_message_return_type=unseen&persistentBadging=true&limit=0 returned response: <Response [200]>
2021-11-09 18:42:49,799 - instabot version: 0.117.0 (api) - DEBUG - GET to endpoint: discover/topical_explore/?is_prefetch=true&omit_cover_media=true&use_sectional_payload=true&timezone_offset=0&session_id=6e9921ce-445b-4531-9972-5b79c365a8a9&include_fixed_destinations=true returned response: <Response [200]>
2021-11-09 18:42:50,317 - instabot version: 0.117.0 (api) - DEBUG - POST to endpoint: notifications/badge/ returned response: <Response [200]>
2021-11-09 18:42:50,818 - instabot version: 0.117.0 (api) - DEBUG - POST to endpoint: qp/batch_fetch/ returned response: <Response [200]>
2021-11-09 18:42:50,821 - instabot version: 0.117.0 (bot_checkpoint) - DEBUG - Loading Checkpoint file from: /Users/fabiodonello/Desktop/Esame OOP/InstgramBot_2/config/giudoinstambot.checkpoint
2021-11-09 18:42:50,826 - instabot version: 0.117.0 (bot) - INFO - Instabot version: 0.117.0 Started
2021-11-09 18:42:50,826 - instabot version: 0.117.0 (bot) - DEBUG - Bot imported from /Library/Frameworks/Python.framework/Versions/3.9/lib/python3.9/site-packages/instabot/bot/bot.py
2021-11-09 18:42:50,827 - instabot version: 0.117.0 (api_login) - DEBUG - Loading cookies
2021-11-09 18:42:50,828 - instabot version: 0.117.0 (bot) - INFO - Instabot version: 0.117.0 Started
2021-11-09 18:42:50,828 - instabot version: 0.117.0 (bot) - DEBUG - Bot imported from /Library/Frameworks/Python.framework/Versions/3.9/lib/python3.9/site-packages/instabot/bot/bot.py
2021-11-09 18:42:50,828 - instabot version: 0.117.0 (api_login) - DEBUG - Loading cookies
2021-11-09 18:42:50,829 - instabot version: 0.117.0 (bot) - INFO - Instabot version: 0.117.0 Started
2021-11-09 18:42:50,830 - instabot version: 0.117.0 (bot) - DEBUG - Bot imported from /Library/Frameworks/Python.framework/Versions/3.9/lib/python3.9/site-packages/instabot/bot/bot.py
2021-11-09 18:42:50,831 - instabot version: 0.117.0 (api_login) - DEBUG - Loading cookies
2021-11-09 18:42:50,833 - instabot version: 0.117.0 (bot) - INFO - Instabot version: 0.117.0 Started
2021-11-09 18:42:50,833 - instabot version: 0.117.0 (bot) - DEBUG - Bot imported from /Library/Frameworks/Python.framework/Versions/3.9/lib/python3.9/site-packages/instabot/bot/bot.py
2021-11-09 18:42:50,834 - instabot version: 0.117.0 (api_login) - DEBUG - Loading cookies
2021-11-09 18:42:50,835 - instabot version: 0.117.0 (bot) - INFO - Instabot version: 0.117.0 Started
2021-11-09 18:42:50,835 - instabot version: 0.117.0 (bot) - DEBUG - Bot imported from /Library/Frameworks/Python.framework/Versions/3.9/lib/python3.9/site-packages/instabot/bot/bot.py
2021-11-09 18:42:50,836 - instabot version: 0.117.0 (api_login) - DEBUG - Loading cookies
2021-11-09 18:42:50,837 - instabot version: 0.117.0 (bot) - INFO - Instabot version: 0.117.0 Started
2021-11-09 18:42:50,838 - instabot version: 0.117.0 (bot) - DEBUG - Bot imported from /Library/Frameworks/Python.framework/Versions/3.9/lib/python3.9/site-packages/instabot/bot/bot.py
2021-11-09 18:42:50,838 - instabot version: 0.117.0 (api_login) - DEBUG - Loading cookies
2021-11-09 18:42:50,839 - instabot version: 0.117.0 (bot) - INFO - Instabot version: 0.117.0 Started
2021-11-09 18:42:50,840 - instabot version: 0.117.0 (bot) - DEBUG - Bot imported from /Library/Frameworks/Python.framework/Versions/3.9/lib/python3.9/site-packages/instabot/bot/bot.py
2021-11-09 18:42:50,840 - instabot version: 0.117.0 (api_login) - DEBUG - Loading cookies
2021-11-09 18:42:50,841 - instabot version: 0.117.0 (bot) - INFO - Instabot version: 0.117.0 Started
2021-11-09 18:42:50,842 - instabot version: 0.117.0 (bot) - DEBUG - Bot imported from /Library/Frameworks/Python.framework/Versions/3.9/lib/python3.9/site-packages/instabot/bot/bot.py
2021-11-09 18:42:50,842 - instabot version: 0.117.0 (api_login) - DEBUG - Loading cookies
2021-11-09 18:42:50,843 - instabot version: 0.117.0 (bot) - INFO - Instabot version: 0.117.0 Started
2021-11-09 18:42:50,843 - instabot version: 0.117.0 (bot) - DEBUG - Bot imported from /Library/Frameworks/Python.framework/Versions/3.9/lib/python3.9/site-packages/instabot/bot/bot.py
2021-11-09 18:42:50,844 - instabot version: 0.117.0 (api_login) - DEBUG - Loading cookies
2021-11-09 18:42:50,845 - instabot version: 0.117.0 (bot) - INFO - Instabot version: 0.117.0 Started
2021-11-09 18:42:50,845 - instabot version: 0.117.0 (bot) - DEBUG - Bot imported from /Library/Frameworks/Python.framework/Versions/3.9/lib/python3.9/site-packages/instabot/bot/bot.py
2021-11-09 18:42:50,846 - instabot version: 0.117.0 (api_login) - DEBUG - Loading cookies
2021-11-09 18:42:50,847 - instabot version: 0.117.0 (bot) - INFO - Instabot version: 0.117.0 Started
2021-11-09 18:42:50,847 - instabot version: 0.117.0 (bot) - DEBUG - Bot imported from /Library/Frameworks/Python.framework/Versions/3.9/lib/python3.9/site-packages/instabot/bot/bot.py
2021-11-09 18:42:50,848 - instabot version: 0.117.0 (api_login) - DEBUG - Loading cookies
2021-11-09 18:42:50,849 - instabot version: 0.117.0 (bot) - INFO - Instabot version: 0.117.0 Started
2021-11-09 18:42:50,849 - instabot version: 0.117.0 (bot) - DEBUG - Bot imported from /Library/Frameworks/Python.framework/Versions/3.9/lib/python3.9/site-packages/instabot/bot/bot.py
2021-11-09 18:42:50,850 - instabot version: 0.117.0 (api_login) - DEBUG - Loading cookies
2021-11-09 18:42:50,851 - instabot version: 0.117.0 (bot) - INFO - Instabot version: 0.117.0 Started
2021-11-09 18:42:50,851 - instabot version: 0.117.0 (bot) - DEBUG - Bot imported from /Library/Frameworks/Python.framework/Versions/3.9/lib/python3.9/site-packages/instabot/bot/bot.py
2021-11-09 18:42:50,852 - instabot version: 0.117.0 (api_login) - DEBUG - Loading cookies
2021-11-09 18:42:50,853 - instabot version: 0.117.0 (bot) - INFO - Instabot version: 0.117.0 Started
2021-11-09 18:42:50,853 - instabot version: 0.117.0 (bot) - DEBUG - Bot imported from /Library/Frameworks/Python.framework/Versions/3.9/lib/python3.9/site-packages/instabot/bot/bot.py
2021-11-09 18:42:50,854 - instabot version: 0.117.0 (api_login) - DEBUG - Loading cookies
2021-11-09 18:42:50,855 - instabot version: 0.117.0 (bot) - INFO - Instabot version: 0.117.0 Started
2021-11-09 18:42:50,856 - instabot version: 0.117.0 (bot) - DEBUG - Bot imported from /Library/Frameworks/Python.framework/Versions/3.9/lib/python3.9/site-packages/instabot/bot/bot.py
2021-11-09 18:42:50,856 - instabot version: 0.117.0 (api_login) - DEBUG - Loading cookies
2021-11-09 18:42:50,858 - instabot version: 0.117.0 (bot) - INFO - Instabot version: 0.117.0 Started
2021-11-09 18:42:50,858 - instabot version: 0.117.0 (bot) - DEBUG - Bot imported from /Library/Frameworks/Python.framework/Versions/3.9/lib/python3.9/site-packages/instabot/bot/bot.py
2021-11-09 18:42:50,859 - instabot version: 0.117.0 (api_login) - DEBUG - Loading cookies
2021-11-09 18:42:50,860 - instabot version: 0.117.0 (bot) - INFO - Instabot version: 0.117.0 Started
2021-11-09 18:42:50,861 - instabot version: 0.117.0 (bot) - DEBUG - Bot imported from /Library/Frameworks/Python.framework/Versions/3.9/lib/python3.9/site-packages/instabot/bot/bot.py
2021-11-09 18:42:50,861 - instabot version: 0.117.0 (api_login) - DEBUG - Loading cookies
2021-11-09 18:42:50,862 - instabot version: 0.117.0 (bot) - INFO - Instabot version: 0.117.0 Started
2021-11-09 18:42:50,863 - instabot version: 0.117.0 (bot) - DEBUG - Bot imported from /Library/Frameworks/Python.framework/Versions/3.9/lib/python3.9/site-packages/instabot/bot/bot.py
2021-11-09 18:42:50,864 - instabot version: 0.117.0 (api_login) - DEBUG - Loading cookies
2021-11-09 18:42:50,865 - instabot version: 0.117.0 (bot) - INFO - Instabot version: 0.117.0 Started
2021-11-09 18:42:50,866 - instabot version: 0.117.0 (bot) - DEBUG - Bot imported from /Library/Frameworks/Python.framework/Versions/3.9/lib/python3.9/site-packages/instabot/bot/bot.py
2021-11-09 18:42:50,867 - instabot version: 0.117.0 (api_login) - DEBUG - Loading cookies
2021-11-09 18:42:50,869 - instabot version: 0.117.0 (bot) - INFO - Instabot version: 0.117.0 Started
2021-11-09 18:42:50,870 - instabot version: 0.117.0 (bot) - DEBUG - Bot imported from /Library/Frameworks/Python.framework/Versions/3.9/lib/python3.9/site-packages/instabot/bot/bot.py
2021-11-09 18:42:50,871 - instabot version: 0.117.0 (api_login) - DEBUG - Loading cookies
2021-11-09 18:42:50,872 - instabot version: 0.117.0 (bot) - INFO - Instabot version: 0.117.0 Started
2021-11-09 18:42:50,873 - instabot version: 0.117.0 (bot) - DEBUG - Bot imported from /Library/Frameworks/Python.framework/Versions/3.9/lib/python3.9/site-packages/instabot/bot/bot.py
2021-11-09 18:42:50,874 - instabot version: 0.117.0 (api_login) - DEBUG - Loading cookies
2021-11-09 18:42:50,876 - instabot version: 0.117.0 (bot) - INFO - Instabot version: 0.117.0 Started
2021-11-09 18:42:50,877 - instabot version: 0.117.0 (bot) - DEBUG - Bot imported from /Library/Frameworks/Python.framework/Versions/3.9/lib/python3.9/site-packages/instabot/bot/bot.py
2021-11-09 18:42:50,879 - instabot version: 0.117.0 (api_login) - DEBUG - Loading cookies
2021-11-09 18:42:50,881 - instabot version: 0.117.0 (bot) - INFO - Instabot version: 0.117.0 Started
2021-11-09 18:42:50,883 - instabot version: 0.117.0 (bot) - DEBUG - Bot imported from /Library/Frameworks/Python.framework/Versions/3.9/lib/python3.9/site-packages/instabot/bot/bot.py
2021-11-09 18:42:50,884 - instabot version: 0.117.0 (api_login) - DEBUG - Loading cookies
2021-11-09 18:42:50,885 - instabot version: 0.117.0 (bot) - INFO - Instabot version: 0.117.0 Started
2021-11-09 18:42:50,887 - instabot version: 0.117.0 (bot) - DEBUG - Bot imported from /Library/Frameworks/Python.framework/Versions/3.9/lib/python3.9/site-packages/instabot/bot/bot.py
2021-11-09 18:42:50,888 - instabot version: 0.117.0 (api_login) - DEBUG - Loading cookies
2021-11-09 18:42:50,889 - instabot version: 0.117.0 (bot) - INFO - Instabot version: 0.117.0 Started
2021-11-09 18:42:50,890 - instabot version: 0.117.0 (bot) - DEBUG - Bot imported from /Library/Frameworks/Python.framework/Versions/3.9/lib/python3.9/site-packages/instabot/bot/bot.py
2021-11-09 18:42:50,892 - instabot version: 0.117.0 (api_login) - DEBUG - Loading cookies
2021-11-09 18:42:50,895 - instabot version: 0.117.0 (bot) - INFO - Instabot version: 0.117.0 Started
2021-11-09 18:42:50,896 - instabot version: 0.117.0 (bot) - DEBUG - Bot imported from /Library/Frameworks/Python.framework/Versions/3.9/lib/python3.9/site-packages/instabot/bot/bot.py
2021-11-09 18:42:50,898 - instabot version: 0.117.0 (api_login) - DEBUG - Loading cookies
2021-11-09 18:42:50,900 - instabot version: 0.117.0 (bot) - INFO - Instabot version: 0.117.0 Started
2021-11-09 18:42:50,901 - instabot version: 0.117.0 (bot) - DEBUG - Bot imported from /Library/Frameworks/Python.framework/Versions/3.9/lib/python3.9/site-packages/instabot/bot/bot.py
2021-11-09 18:42:50,902 - instabot version: 0.117.0 (api_login) - DEBUG - Loading cookies
2021-11-09 18:42:50,903 - instabot version: 0.117.0 (bot) - INFO - Instabot version: 0.117.0 Started
2021-11-09 18:42:50,904 - instabot version: 0.117.0 (bot) - DEBUG - Bot imported from /Library/Frameworks/Python.framework/Versions/3.9/lib/python3.9/site-packages/instabot/bot/bot.py
2021-11-09 18:42:50,905 - instabot version: 0.117.0 (api_login) - DEBUG - Loading cookies
2021-11-09 18:42:50,908 - instabot version: 0.117.0 (bot) - INFO - Instabot version: 0.117.0 Started
2021-11-09 18:42:50,909 - instabot version: 0.117.0 (bot) - DEBUG - Bot imported from /Library/Frameworks/Python.framework/Versions/3.9/lib/python3.9/site-packages/instabot/bot/bot.py
2021-11-09 18:42:50,910 - instabot version: 0.117.0 (api_login) - DEBUG - Loading cookies
2021-11-09 18:42:50,912 - instabot version: 0.117.0 (bot) - INFO - Instabot version: 0.117.0 Started
2021-11-09 18:42:50,913 - instabot version: 0.117.0 (bot) - DEBUG - Bot imported from /Library/Frameworks/Python.framework/Versions/3.9/lib/python3.9/site-packages/instabot/bot/bot.py
2021-11-09 18:42:50,914 - instabot version: 0.117.0 (api_login) - DEBUG - Loading cookies
2021-11-09 18:42:50,915 - instabot version: 0.117.0 (bot) - INFO - Instabot version: 0.117.0 Started
2021-11-09 18:42:50,916 - instabot version: 0.117.0 (bot) - DEBUG - Bot imported from /Library/Frameworks/Python.framework/Versions/3.9/lib/python3.9/site-packages/instabot/bot/bot.py
2021-11-09 18:42:50,917 - instabot version: 0.117.0 (api_login) - DEBUG - Loading cookies
2021-11-09 18:42:50,919 - instabot version: 0.117.0 (bot) - INFO - Instabot version: 0.117.0 Started
2021-11-09 18:42:50,921 - instabot version: 0.117.0 (bot) - DEBUG - Bot imported from /Library/Frameworks/Python.framework/Versions/3.9/lib/python3.9/site-packages/instabot/bot/bot.py
2021-11-09 18:42:50,922 - instabot version: 0.117.0 (api_login) - DEBUG - Loading cookies
2021-11-09 18:42:50,924 - instabot version: 0.117.0 (bot) - INFO - Instabot version: 0.117.0 Started
2021-11-09 18:42:50,925 - instabot version: 0.117.0 (bot) - DEBUG - Bot imported from /Library/Frameworks/Python.framework/Versions/3.9/lib/python3.9/site-packages/instabot/bot/bot.py
2021-11-09 18:42:50,926 - instabot version: 0.117.0 (api_login) - DEBUG - Loading cookies
2021-11-09 18:42:50,928 - instabot version: 0.117.0 (bot) - INFO - Instabot version: 0.117.0 Started
2021-11-09 18:42:50,929 - instabot version: 0.117.0 (bot) - DEBUG - Bot imported from /Library/Frameworks/Python.framework/Versions/3.9/lib/python3.9/site-packages/instabot/bot/bot.py
2021-11-09 18:42:50,930 - instabot version: 0.117.0 (api_login) - DEBUG - Loading cookies
2021-11-09 18:42:50,932 - instabot version: 0.117.0 (bot) - INFO - Instabot version: 0.117.0 Started
2021-11-09 18:42:50,933 - instabot version: 0.117.0 (bot) - DEBUG - Bot imported from /Library/Frameworks/Python.framework/Versions/3.9/lib/python3.9/site-packages/instabot/bot/bot.py
2021-11-09 18:42:50,934 - instabot version: 0.117.0 (api_login) - DEBUG - Loading cookies
2021-11-09 18:42:50,936 - instabot version: 0.117.0 (bot) - INFO - Instabot version: 0.117.0 Started
2021-11-09 18:42:50,938 - instabot version: 0.117.0 (bot) - DEBUG - Bot imported from /Library/Frameworks/Python.framework/Versions/3.9/lib/python3.9/site-packages/instabot/bot/bot.py
2021-11-09 18:42:50,940 - instabot version: 0.117.0 (api_login) - DEBUG - Loading cookies
2021-11-09 18:42:50,942 - instabot version: 0.117.0 (bot) - INFO - Instabot version: 0.117.0 Started
2021-11-09 18:42:50,943 - instabot version: 0.117.0 (bot) - DEBUG - Bot imported from /Library/Frameworks/Python.framework/Versions/3.9/lib/python3.9/site-packages/instabot/bot/bot.py
2021-11-09 18:42:50,944 - instabot version: 0.117.0 (api_login) - DEBUG - Loading cookies
2021-11-09 18:42:50,947 - instabot version: 0.117.0 (bot) - INFO - Instabot version: 0.117.0 Started
2021-11-09 18:42:50,949 - instabot version: 0.117.0 (bot) - DEBUG - Bot imported from /Library/Frameworks/Python.framework/Versions/3.9/lib/python3.9/site-packages/instabot/bot/bot.py
2021-11-09 18:42:50,951 - instabot version: 0.117.0 (api_login) - DEBUG - Loading cookies
2021-11-09 18:42:50,953 - instabot version: 0.117.0 (bot) - INFO - Instabot version: 0.117.0 Started
2021-11-09 18:42:50,954 - instabot version: 0.117.0 (bot) - DEBUG - Bot imported from /Library/Frameworks/Python.framework/Versions/3.9/lib/python3.9/site-packages/instabot/bot/bot.py
2021-11-09 18:42:50,955 - instabot version: 0.117.0 (api_login) - DEBUG - Loading cookies
2021-11-09 18:42:50,957 - instabot version: 0.117.0 (bot) - INFO - Instabot version: 0.117.0 Started
2021-11-09 18:42:50,958 - instabot version: 0.117.0 (bot) - DEBUG - Bot imported from /Library/Frameworks/Python.framework/Versions/3.9/lib/python3.9/site-packages/instabot/bot/bot.py
2021-11-09 18:42:50,960 - instabot version: 0.117.0 (api_login) - DEBUG - Loading cookies
2021-11-09 18:42:50,961 - instabot version: 0.117.0 (bot) - INFO - Instabot version: 0.117.0 Started
2021-11-09 18:42:50,963 - instabot version: 0.117.0 (bot) - DEBUG - Bot imported from /Library/Frameworks/Python.framework/Versions/3.9/lib/python3.9/site-packages/instabot/bot/bot.py
2021-11-09 18:42:50,965 - instabot version: 0.117.0 (api_login) - DEBUG - Loading cookies
2021-11-09 18:42:50,967 - instabot version: 0.117.0 (bot) - INFO - Instabot version: 0.117.0 Started
2021-11-09 18:42:50,969 - instabot version: 0.117.0 (bot) - DEBUG - Bot imported from /Library/Frameworks/Python.framework/Versions/3.9/lib/python3.9/site-packages/instabot/bot/bot.py
2021-11-09 18:42:50,970 - instabot version: 0.117.0 (api_login) - DEBUG - Loading cookies
2021-11-09 18:42:50,972 - instabot version: 0.117.0 (bot) - INFO - Instabot version: 0.117.0 Started
2021-11-09 18:42:50,974 - instabot version: 0.117.0 (bot) - DEBUG - Bot imported from /Library/Frameworks/Python.framework/Versions/3.9/lib/python3.9/site-packages/instabot/bot/bot.py
2021-11-09 18:42:50,975 - instabot version: 0.117.0 (api_login) - DEBUG - Loading cookies
2021-11-09 18:42:50,976 - instabot version: 0.117.0 (bot) - INFO - Instabot version: 0.117.0 Started
2021-11-09 18:42:50,978 - instabot version: 0.117.0 (bot) - DEBUG - Bot imported from /Library/Frameworks/Python.framework/Versions/3.9/lib/python3.9/site-packages/instabot/bot/bot.py
2021-11-09 18:42:50,980 - instabot version: 0.117.0 (api_login) - DEBUG - Loading cookies
2021-11-09 18:42:50,984 - instabot version: 0.117.0 (bot) - INFO - Instabot version: 0.117.0 Started
2021-11-09 18:42:50,986 - instabot version: 0.117.0 (bot) - DEBUG - Bot imported from /Library/Frameworks/Python.framework/Versions/3.9/lib/python3.9/site-packages/instabot/bot/bot.py
2021-11-09 18:42:50,987 - instabot version: 0.117.0 (api_login) - DEBUG - Loading cookies
2021-11-09 18:42:50,990 - instabot version: 0.117.0 (bot) - INFO - Instabot version: 0.117.0 Started
2021-11-09 18:42:50,992 - instabot version: 0.117.0 (bot) - DEBUG - Bot imported from /Library/Frameworks/Python.framework/Versions/3.9/lib/python3.9/site-packages/instabot/bot/bot.py
2021-11-09 18:42:50,994 - instabot version: 0.117.0 (api_login) - DEBUG - Loading cookies
2021-11-09 18:42:50,996 - instabot version: 0.117.0 (bot) - INFO - Instabot version: 0.117.0 Started
2021-11-09 18:42:50,998 - instabot version: 0.117.0 (bot) - DEBUG - Bot imported from /Library/Frameworks/Python.framework/Versions/3.9/lib/python3.9/site-packages/instabot/bot/bot.py
2021-11-09 18:42:51,000 - instabot version: 0.117.0 (api_login) - DEBUG - Loading cookies
2021-11-09 18:42:51,002 - instabot version: 0.117.0 (bot) - INFO - Instabot version: 0.117.0 Started
2021-11-09 18:42:51,004 - instabot version: 0.117.0 (bot) - DEBUG - Bot imported from /Library/Frameworks/Python.framework/Versions/3.9/lib/python3.9/site-packages/instabot/bot/bot.py
2021-11-09 18:42:51,006 - instabot version: 0.117.0 (api_login) - DEBUG - Loading cookies
2021-11-09 18:42:51,010 - instabot version: 0.117.0 (bot) - INFO - Instabot version: 0.117.0 Started
2021-11-09 18:42:51,013 - instabot version: 0.117.0 (bot) - DEBUG - Bot imported from /Library/Frameworks/Python.framework/Versions/3.9/lib/python3.9/site-packages/instabot/bot/bot.py
2021-11-09 18:42:51,015 - instabot version: 0.117.0 (api_login) - DEBUG - Loading cookies
2021-11-09 18:42:51,017 - instabot version: 0.117.0 (bot) - INFO - Instabot version: 0.117.0 Started
2021-11-09 18:42:51,019 - instabot version: 0.117.0 (bot) - DEBUG - Bot imported from /Library/Frameworks/Python.framework/Versions/3.9/lib/python3.9/site-packages/instabot/bot/bot.py
2021-11-09 18:42:51,020 - instabot version: 0.117.0 (api_login) - DEBUG - Loading cookies
2021-11-09 18:42:51,024 - instabot version: 0.117.0 (bot) - INFO - Instabot version: 0.117.0 Started
2021-11-09 18:42:51,027 - instabot version: 0.117.0 (bot) - DEBUG - Bot imported from /Library/Frameworks/Python.framework/Versions/3.9/lib/python3.9/site-packages/instabot/bot/bot.py
2021-11-09 18:42:51,028 - instabot version: 0.117.0 (api_login) - DEBUG - Loading cookies
2021-11-09 18:42:51,031 - instabot version: 0.117.0 (bot) - INFO - Instabot version: 0.117.0 Started
2021-11-09 18:42:51,033 - instabot version: 0.117.0 (bot) - DEBUG - Bot imported from /Library/Frameworks/Python.framework/Versions/3.9/lib/python3.9/site-packages/instabot/bot/bot.py
2021-11-09 18:42:51,035 - instabot version: 0.117.0 (api_login) - DEBUG - Loading cookies
2021-11-09 18:42:51,039 - instabot version: 0.117.0 (bot) - INFO - Instabot version: 0.117.0 Started
2021-11-09 18:42:51,042 - instabot version: 0.117.0 (bot) - DEBUG - Bot imported from /Library/Frameworks/Python.framework/Versions/3.9/lib/python3.9/site-packages/instabot/bot/bot.py
2021-11-09 18:42:51,043 - instabot version: 0.117.0 (api_login) - DEBUG - Loading cookies
2021-11-09 18:42:51,046 - instabot version: 0.117.0 (bot) - INFO - Instabot version: 0.117.0 Started
2021-11-09 18:42:51,048 - instabot version: 0.117.0 (bot) - DEBUG - Bot imported from /Library/Frameworks/Python.framework/Versions/3.9/lib/python3.9/site-packages/instabot/bot/bot.py
2021-11-09 18:42:51,052 - instabot version: 0.117.0 (api_login) - DEBUG - Loading cookies
2021-11-09 18:42:51,058 - instabot version: 0.117.0 (bot) - INFO - Instabot version: 0.117.0 Started
2021-11-09 18:42:51,060 - instabot version: 0.117.0 (bot) - DEBUG - Bot imported from /Library/Frameworks/Python.framework/Versions/3.9/lib/python3.9/site-packages/instabot/bot/bot.py
2021-11-09 18:42:51,063 - instabot version: 0.117.0 (api_login) - DEBUG - Loading cookies
2021-11-09 18:42:51,066 - instabot version: 0.117.0 (bot) - INFO - Instabot version: 0.117.0 Started
2021-11-09 18:42:51,069 - instabot version: 0.117.0 (bot) - DEBUG - Bot imported from /Library/Frameworks/Python.framework/Versions/3.9/lib/python3.9/site-packages/instabot/bot/bot.py
2021-11-09 18:42:51,071 - instabot version: 0.117.0 (api_login) - DEBUG - Loading cookies
2021-11-09 18:42:51,073 - instabot version: 0.117.0 (bot) - INFO - Instabot version: 0.117.0 Started
2021-11-09 18:42:51,075 - instabot version: 0.117.0 (bot) - DEBUG - Bot imported from /Library/Frameworks/Python.framework/Versions/3.9/lib/python3.9/site-packages/instabot/bot/bot.py
2021-11-09 18:42:51,077 - instabot version: 0.117.0 (api_login) - DEBUG - Loading cookies
2021-11-09 18:42:51,079 - instabot version: 0.117.0 (bot) - INFO - Instabot version: 0.117.0 Started
2021-11-09 18:42:51,081 - instabot version: 0.117.0 (bot) - DEBUG - Bot imported from /Library/Frameworks/Python.framework/Versions/3.9/lib/python3.9/site-packages/instabot/bot/bot.py
2021-11-09 18:42:51,083 - instabot version: 0.117.0 (api_login) - DEBUG - Loading cookies
2021-11-09 18:42:51,085 - instabot version: 0.117.0 (bot) - INFO - Instabot version: 0.117.0 Started
2021-11-09 18:42:51,088 - instabot version: 0.117.0 (bot) - DEBUG - Bot imported from /Library/Frameworks/Python.framework/Versions/3.9/lib/python3.9/site-packages/instabot/bot/bot.py
2021-11-09 18:42:51,090 - instabot version: 0.117.0 (api_login) - DEBUG - Loading cookies
2021-11-09 18:42:51,092 - instabot version: 0.117.0 (bot) - INFO - Instabot version: 0.117.0 Started
2021-11-09 18:42:51,094 - instabot version: 0.117.0 (bot) - DEBUG - Bot imported from /Library/Frameworks/Python.framework/Versions/3.9/lib/python3.9/site-packages/instabot/bot/bot.py
2021-11-09 18:42:51,096 - instabot version: 0.117.0 (api_login) - DEBUG - Loading cookies
2021-11-09 18:42:51,098 - instabot version: 0.117.0 (bot) - INFO - Instabot version: 0.117.0 Started
2021-11-09 18:42:51,101 - instabot version: 0.117.0 (bot) - DEBUG - Bot imported from /Library/Frameworks/Python.framework/Versions/3.9/lib/python3.9/site-packages/instabot/bot/bot.py
2021-11-09 18:42:51,102 - instabot version: 0.117.0 (api_login) - DEBUG - Loading cookies
2021-11-09 18:42:51,105 - instabot version: 0.117.0 (bot) - INFO - Instabot version: 0.117.0 Started
2021-11-09 18:42:51,107 - instabot version: 0.117.0 (bot) - DEBUG - Bot imported from /Library/Frameworks/Python.framework/Versions/3.9/lib/python3.9/site-packages/instabot/bot/bot.py
2021-11-09 18:42:51,108 - instabot version: 0.117.0 (api_login) - DEBUG - Loading cookies
2021-11-09 18:42:51,111 - instabot version: 0.117.0 (bot) - INFO - Instabot version: 0.117.0 Started
2021-11-09 18:42:51,114 - instabot version: 0.117.0 (bot) - DEBUG - Bot imported from /Library/Frameworks/Python.framework/Versions/3.9/lib/python3.9/site-packages/instabot/bot/bot.py
2021-11-09 18:42:51,115 - instabot version: 0.117.0 (api_login) - DEBUG - Loading cookies
2021-11-09 18:42:51,118 - instabot version: 0.117.0 (bot) - INFO - Instabot version: 0.117.0 Started
2021-11-09 18:42:51,120 - instabot version: 0.117.0 (bot) - DEBUG - Bot imported from /Library/Frameworks/Python.framework/Versions/3.9/lib/python3.9/site-packages/instabot/bot/bot.py
2021-11-09 18:42:51,122 - instabot version: 0.117.0 (api_login) - DEBUG - Loading cookies
2021-11-09 18:42:51,125 - instabot version: 0.117.0 (bot) - INFO - Instabot version: 0.117.0 Started
2021-11-09 18:42:51,127 - instabot version: 0.117.0 (bot) - DEBUG - Bot imported from /Library/Frameworks/Python.framework/Versions/3.9/lib/python3.9/site-packages/instabot/bot/bot.py
2021-11-09 18:42:51,129 - instabot version: 0.117.0 (api_login) - DEBUG - Loading cookies
2021-11-09 18:42:51,131 - instabot version: 0.117.0 (bot) - INFO - Instabot version: 0.117.0 Started
2021-11-09 18:42:51,134 - instabot version: 0.117.0 (bot) - DEBUG - Bot imported from /Library/Frameworks/Python.framework/Versions/3.9/lib/python3.9/site-packages/instabot/bot/bot.py
2021-11-09 18:42:51,136 - instabot version: 0.117.0 (api_login) - DEBUG - Loading cookies
2021-11-09 18:42:51,139 - instabot version: 0.117.0 (bot) - INFO - Instabot version: 0.117.0 Started
2021-11-09 18:42:51,141 - instabot version: 0.117.0 (bot) - DEBUG - Bot imported from /Library/Frameworks/Python.framework/Versions/3.9/lib/python3.9/site-packages/instabot/bot/bot.py
2021-11-09 18:42:51,143 - instabot version: 0.117.0 (api_login) - DEBUG - Loading cookies
2021-11-09 18:42:51,147 - instabot version: 0.117.0 (bot) - INFO - Instabot version: 0.117.0 Started
2021-11-09 18:42:51,149 - instabot version: 0.117.0 (bot) - DEBUG - Bot imported from /Library/Frameworks/Python.framework/Versions/3.9/lib/python3.9/site-packages/instabot/bot/bot.py
2021-11-09 18:42:51,152 - instabot version: 0.117.0 (api_login) - DEBUG - Loading cookies
2021-11-09 18:42:51,155 - instabot version: 0.117.0 (bot) - INFO - Instabot version: 0.117.0 Started
2021-11-09 18:42:51,158 - instabot version: 0.117.0 (bot) - DEBUG - Bot imported from /Library/Frameworks/Python.framework/Versions/3.9/lib/python3.9/site-packages/instabot/bot/bot.py
2021-11-09 18:42:51,160 - instabot version: 0.117.0 (api_login) - DEBUG - Loading cookies
2021-11-09 18:42:51,163 - instabot version: 0.117.0 (bot) - INFO - Instabot version: 0.117.0 Started
2021-11-09 18:42:51,165 - instabot version: 0.117.0 (bot) - DEBUG - Bot imported from /Library/Frameworks/Python.framework/Versions/3.9/lib/python3.9/site-packages/instabot/bot/bot.py
2021-11-09 18:42:51,168 - instabot version: 0.117.0 (api_login) - DEBUG - Loading cookies
2021-11-09 18:42:51,171 - instabot version: 0.117.0 (bot) - INFO - Instabot version: 0.117.0 Started
2021-11-09 18:42:51,173 - instabot version: 0.117.0 (bot) - DEBUG - Bot imported from /Library/Frameworks/Python.framework/Versions/3.9/lib/python3.9/site-packages/instabot/bot/bot.py
2021-11-09 18:42:51,175 - instabot version: 0.117.0 (api_login) - DEBUG - Loading cookies
2021-11-09 18:42:51,177 - instabot version: 0.117.0 (bot) - INFO - Instabot version: 0.117.0 Started
2021-11-09 18:42:51,180 - instabot version: 0.117.0 (bot) - DEBUG - Bot imported from /Library/Frameworks/Python.framework/Versions/3.9/lib/python3.9/site-packages/instabot/bot/bot.py
2021-11-09 18:42:51,182 - instabot version: 0.117.0 (api_login) - DEBUG - Loading cookies
2021-11-09 18:42:51,185 - instabot version: 0.117.0 (bot) - INFO - Instabot version: 0.117.0 Started
2021-11-09 18:42:51,188 - instabot version: 0.117.0 (bot) - DEBUG - Bot imported from /Library/Frameworks/Python.framework/Versions/3.9/lib/python3.9/site-packages/instabot/bot/bot.py
2021-11-09 18:42:51,190 - instabot version: 0.117.0 (api_login) - DEBUG - Loading cookies
2021-11-09 18:42:51,192 - instabot version: 0.117.0 (bot) - INFO - Instabot version: 0.117.0 Started
2021-11-09 18:42:51,194 - instabot version: 0.117.0 (bot) - DEBUG - Bot imported from /Library/Frameworks/Python.framework/Versions/3.9/lib/python3.9/site-packages/instabot/bot/bot.py
2021-11-09 18:42:51,198 - instabot version: 0.117.0 (api_login) - DEBUG - Loading cookies
2021-11-09 18:42:51,200 - instabot version: 0.117.0 (bot) - INFO - Instabot version: 0.117.0 Started
2021-11-09 18:42:51,203 - instabot version: 0.117.0 (bot) - DEBUG - Bot imported from /Library/Frameworks/Python.framework/Versions/3.9/lib/python3.9/site-packages/instabot/bot/bot.py
2021-11-09 18:42:51,206 - instabot version: 0.117.0 (api_login) - DEBUG - Loading cookies
2021-11-09 18:42:51,208 - instabot version: 0.117.0 (bot) - INFO - Instabot version: 0.117.0 Started
2021-11-09 18:42:51,211 - instabot version: 0.117.0 (bot) - DEBUG - Bot imported from /Library/Frameworks/Python.framework/Versions/3.9/lib/python3.9/site-packages/instabot/bot/bot.py
2021-11-09 18:42:51,213 - instabot version: 0.117.0 (api_login) - DEBUG - Loading cookies
2021-11-09 18:42:51,216 - instabot version: 0.117.0 (bot) - INFO - Instabot version: 0.117.0 Started
2021-11-09 18:42:51,218 - instabot version: 0.117.0 (bot) - DEBUG - Bot imported from /Library/Frameworks/Python.framework/Versions/3.9/lib/python3.9/site-packages/instabot/bot/bot.py
2021-11-09 18:42:51,222 - instabot version: 0.117.0 (api_login) - DEBUG - Loading cookies
2021-11-09 18:42:51,225 - instabot version: 0.117.0 (bot) - INFO - Instabot version: 0.117.0 Started
2021-11-09 18:42:51,227 - instabot version: 0.117.0 (bot) - DEBUG - Bot imported from /Library/Frameworks/Python.framework/Versions/3.9/lib/python3.9/site-packages/instabot/bot/bot.py
2021-11-09 18:42:51,229 - instabot version: 0.117.0 (api_login) - DEBUG - Loading cookies
2021-11-09 18:42:51,232 - instabot version: 0.117.0 (bot) - INFO - Instabot version: 0.117.0 Started
2021-11-09 18:42:51,234 - instabot version: 0.117.0 (bot) - DEBUG - Bot imported from /Library/Frameworks/Python.framework/Versions/3.9/lib/python3.9/site-packages/instabot/bot/bot.py
2021-11-09 18:42:51,238 - instabot version: 0.117.0 (api_login) - DEBUG - Loading cookies
2021-11-09 18:42:51,241 - instabot version: 0.117.0 (bot) - INFO - Instabot version: 0.117.0 Started
2021-11-09 18:42:51,244 - instabot version: 0.117.0 (bot) - DEBUG - Bot imported from /Library/Frameworks/Python.framework/Versions/3.9/lib/python3.9/site-packages/instabot/bot/bot.py
2021-11-09 18:42:51,247 - instabot version: 0.117.0 (api_login) - DEBUG - Loading cookies
2021-11-09 18:42:51,254 - instabot version: 0.117.0 (bot) - INFO - Instabot version: 0.117.0 Started
2021-11-09 18:42:51,257 - instabot version: 0.117.0 (bot) - DEBUG - Bot imported from /Library/Frameworks/Python.framework/Versions/3.9/lib/python3.9/site-packages/instabot/bot/bot.py
2021-11-09 18:42:51,259 - instabot version: 0.117.0 (api_login) - DEBUG - Loading cookies
2021-11-09 18:42:51,262 - instabot version: 0.117.0 (bot) - INFO - Instabot version: 0.117.0 Started
2021-11-09 18:42:51,267 - instabot version: 0.117.0 (bot) - DEBUG - Bot imported from /Library/Frameworks/Python.framework/Versions/3.9/lib/python3.9/site-packages/instabot/bot/bot.py
2021-11-09 18:42:51,269 - instabot version: 0.117.0 (api_login) - DEBUG - Loading cookies
2021-11-09 18:42:51,272 - instabot version: 0.117.0 (bot) - INFO - Instabot version: 0.117.0 Started
2021-11-09 18:42:51,275 - instabot version: 0.117.0 (bot) - DEBUG - Bot imported from /Library/Frameworks/Python.framework/Versions/3.9/lib/python3.9/site-packages/instabot/bot/bot.py
2021-11-09 18:42:51,277 - instabot version: 0.117.0 (api_login) - DEBUG - Loading cookies
2021-11-09 18:42:51,279 - instabot version: 0.117.0 (bot) - INFO - Instabot version: 0.117.0 Started
2021-11-09 18:42:51,282 - instabot version: 0.117.0 (bot) - DEBUG - Bot imported from /Library/Frameworks/Python.framework/Versions/3.9/lib/python3.9/site-packages/instabot/bot/bot.py
2021-11-09 18:42:51,286 - instabot version: 0.117.0 (api_login) - DEBUG - Loading cookies
2021-11-09 18:42:51,289 - instabot version: 0.117.0 (bot) - INFO - Instabot version: 0.117.0 Started
2021-11-09 18:42:51,292 - instabot version: 0.117.0 (bot) - DEBUG - Bot imported from /Library/Frameworks/Python.framework/Versions/3.9/lib/python3.9/site-packages/instabot/bot/bot.py
2021-11-09 18:42:51,295 - instabot version: 0.117.0 (api_login) - DEBUG - Loading cookies
2021-11-09 18:42:51,297 - instabot version: 0.117.0 (bot) - INFO - Instabot version: 0.117.0 Started
2021-11-09 18:42:51,302 - instabot version: 0.117.0 (bot) - DEBUG - Bot imported from /Library/Frameworks/Python.framework/Versions/3.9/lib/python3.9/site-packages/instabot/bot/bot.py
2021-11-09 18:42:51,305 - instabot version: 0.117.0 (api_login) - DEBUG - Loading cookies
2021-11-09 18:42:51,307 - instabot version: 0.117.0 (bot) - INFO - Instabot version: 0.117.0 Started
2021-11-09 18:42:51,310 - instabot version: 0.117.0 (bot) - DEBUG - Bot imported from /Library/Frameworks/Python.framework/Versions/3.9/lib/python3.9/site-packages/instabot/bot/bot.py
2021-11-09 18:42:51,313 - instabot version: 0.117.0 (api_login) - DEBUG - Loading cookies
2021-11-09 18:42:51,315 - instabot version: 0.117.0 (bot) - INFO - Instabot version: 0.117.0 Started
2021-11-09 18:42:51,319 - instabot version: 0.117.0 (bot) - DEBUG - Bot imported from /Library/Frameworks/Python.framework/Versions/3.9/lib/python3.9/site-packages/instabot/bot/bot.py
2021-11-09 18:42:51,322 - instabot version: 0.117.0 (api_login) - DEBUG - Loading cookies
2021-11-09 18:42:51,325 - instabot version: 0.117.0 (bot) - INFO - Instabot version: 0.117.0 Started
2021-11-09 18:42:51,328 - instabot version: 0.117.0 (bot) - DEBUG - Bot imported from /Library/Frameworks/Python.framework/Versions/3.9/lib/python3.9/site-packages/instabot/bot/bot.py
2021-11-09 18:42:51,331 - instabot version: 0.117.0 (api_login) - DEBUG - Loading cookies
2021-11-09 18:42:51,334 - instabot version: 0.117.0 (bot) - INFO - Instabot version: 0.117.0 Started
2021-11-09 18:42:51,338 - instabot version: 0.117.0 (bot) - DEBUG - Bot imported from /Library/Frameworks/Python.framework/Versions/3.9/lib/python3.9/site-packages/instabot/bot/bot.py
2021-11-09 18:42:51,341 - instabot version: 0.117.0 (api_login) - DEBUG - Loading cookies
2021-11-09 18:42:51,344 - instabot version: 0.117.0 (bot) - INFO - Instabot version: 0.117.0 Started
2021-11-09 18:42:51,347 - instabot version: 0.117.0 (bot) - DEBUG - Bot imported from /Library/Frameworks/Python.framework/Versions/3.9/lib/python3.9/site-packages/instabot/bot/bot.py
2021-11-09 18:42:51,349 - instabot version: 0.117.0 (api_login) - DEBUG - Loading cookies
2021-11-09 18:42:51,352 - instabot version: 0.117.0 (bot) - INFO - Instabot version: 0.117.0 Started
2021-11-09 18:42:51,356 - instabot version: 0.117.0 (bot) - DEBUG - Bot imported from /Library/Frameworks/Python.framework/Versions/3.9/lib/python3.9/site-packages/instabot/bot/bot.py
2021-11-09 18:42:51,358 - instabot version: 0.117.0 (api_login) - DEBUG - Loading cookies
2021-11-09 18:42:51,361 - instabot version: 0.117.0 (bot) - INFO - Instabot version: 0.117.0 Started
2021-11-09 18:42:51,365 - instabot version: 0.117.0 (bot) - DEBUG - Bot imported from /Library/Frameworks/Python.framework/Versions/3.9/lib/python3.9/site-packages/instabot/bot/bot.py
2021-11-09 18:42:51,368 - instabot version: 0.117.0 (api_login) - DEBUG - Loading cookies
2021-11-09 18:42:51,371 - instabot version: 0.117.0 (bot) - INFO - Instabot version: 0.117.0 Started
2021-11-09 18:42:51,375 - instabot version: 0.117.0 (bot) - DEBUG - Bot imported from /Library/Frameworks/Python.framework/Versions/3.9/lib/python3.9/site-packages/instabot/bot/bot.py
2021-11-09 18:42:51,379 - instabot version: 0.117.0 (api_login) - DEBUG - Loading cookies
2021-11-09 18:42:51,382 - instabot version: 0.117.0 (bot) - INFO - Instabot version: 0.117.0 Started
2021-11-09 18:42:51,386 - instabot version: 0.117.0 (bot) - DEBUG - Bot imported from /Library/Frameworks/Python.framework/Versions/3.9/lib/python3.9/site-packages/instabot/bot/bot.py
2021-11-09 18:42:51,389 - instabot version: 0.117.0 (api_login) - DEBUG - Loading cookies
2021-11-09 18:42:51,392 - instabot version: 0.117.0 (bot) - INFO - Instabot version: 0.117.0 Started
2021-11-09 18:42:51,396 - instabot version: 0.117.0 (bot) - DEBUG - Bot imported from /Library/Frameworks/Python.framework/Versions/3.9/lib/python3.9/site-packages/instabot/bot/bot.py
2021-11-09 18:42:51,399 - instabot version: 0.117.0 (api_login) - DEBUG - Loading cookies
2021-11-09 18:42:51,402 - instabot version: 0.117.0 (bot) - INFO - Instabot version: 0.117.0 Started
2021-11-09 18:42:51,405 - instabot version: 0.117.0 (bot) - DEBUG - Bot imported from /Library/Frameworks/Python.framework/Versions/3.9/lib/python3.9/site-packages/instabot/bot/bot.py
2021-11-09 18:42:51,408 - instabot version: 0.117.0 (api_login) - DEBUG - Loading cookies
2021-11-09 18:42:51,411 - instabot version: 0.117.0 (bot) - INFO - Instabot version: 0.117.0 Started
2021-11-09 18:42:51,414 - instabot version: 0.117.0 (bot) - DEBUG - Bot imported from /Library/Frameworks/Python.framework/Versions/3.9/lib/python3.9/site-packages/instabot/bot/bot.py
2021-11-09 18:42:51,417 - instabot version: 0.117.0 (api_login) - DEBUG - Loading cookies
2021-11-09 18:42:51,420 - instabot version: 0.117.0 (bot) - INFO - Instabot version: 0.117.0 Started
2021-11-09 18:42:51,424 - instabot version: 0.117.0 (bot) - DEBUG - Bot imported from /Library/Frameworks/Python.framework/Versions/3.9/lib/python3.9/site-packages/instabot/bot/bot.py
2021-11-09 18:42:51,426 - instabot version: 0.117.0 (api_login) - DEBUG - Loading cookies
2021-11-09 18:42:51,429 - instabot version: 0.117.0 (bot) - INFO - Instabot version: 0.117.0 Started
2021-11-09 18:42:51,434 - instabot version: 0.117.0 (bot) - DEBUG - Bot imported from /Library/Frameworks/Python.framework/Versions/3.9/lib/python3.9/site-packages/instabot/bot/bot.py
2021-11-09 18:42:51,438 - instabot version: 0.117.0 (api_login) - DEBUG - Loading cookies
2021-11-09 18:42:51,441 - instabot version: 0.117.0 (bot) - INFO - Instabot version: 0.117.0 Started
2021-11-09 18:42:51,447 - instabot version: 0.117.0 (bot) - DEBUG - Bot imported from /Library/Frameworks/Python.framework/Versions/3.9/lib/python3.9/site-packages/instabot/bot/bot.py
2021-11-09 18:42:51,450 - instabot version: 0.117.0 (api_login) - DEBUG - Loading cookies
2021-11-09 18:42:51,459 - instabot version: 0.117.0 (bot) - INFO - Instabot version: 0.117.0 Started
2021-11-09 18:42:51,462 - instabot version: 0.117.0 (bot) - DEBUG - Bot imported from /Library/Frameworks/Python.framework/Versions/3.9/lib/python3.9/site-packages/instabot/bot/bot.py
2021-11-09 18:42:51,465 - instabot version: 0.117.0 (api_login) - DEBUG - Loading cookies
2021-11-09 18:42:51,469 - instabot version: 0.117.0 (bot) - INFO - Instabot version: 0.117.0 Started
2021-11-09 18:42:51,475 - instabot version: 0.117.0 (bot) - DEBUG - Bot imported from /Library/Frameworks/Python.framework/Versions/3.9/lib/python3.9/site-packages/instabot/bot/bot.py
2021-11-09 18:42:51,478 - instabot version: 0.117.0 (api_login) - DEBUG - Loading cookies
2021-11-09 18:42:51,482 - instabot version: 0.117.0 (bot) - INFO - Instabot version: 0.117.0 Started
2021-11-09 18:42:51,485 - instabot version: 0.117.0 (bot) - DEBUG - Bot imported from /Library/Frameworks/Python.framework/Versions/3.9/lib/python3.9/site-packages/instabot/bot/bot.py
2021-11-09 18:42:51,488 - instabot version: 0.117.0 (api_login) - DEBUG - Loading cookies
2021-11-09 18:42:51,493 - instabot version: 0.117.0 (bot) - INFO - Instabot version: 0.117.0 Started
2021-11-09 18:42:51,497 - instabot version: 0.117.0 (bot) - DEBUG - Bot imported from /Library/Frameworks/Python.framework/Versions/3.9/lib/python3.9/site-packages/instabot/bot/bot.py
2021-11-09 18:42:51,500 - instabot version: 0.117.0 (api_login) - DEBUG - Loading cookies
2021-11-09 18:42:51,503 - instabot version: 0.117.0 (bot) - INFO - Instabot version: 0.117.0 Started
2021-11-09 18:42:51,508 - instabot version: 0.117.0 (bot) - DEBUG - Bot imported from /Library/Frameworks/Python.framework/Versions/3.9/lib/python3.9/site-packages/instabot/bot/bot.py
2021-11-09 18:42:51,512 - instabot version: 0.117.0 (api_login) - DEBUG - Loading cookies
2021-11-09 18:42:51,515 - instabot version: 0.117.0 (bot) - INFO - Instabot version: 0.117.0 Started
2021-11-09 18:42:51,519 - instabot version: 0.117.0 (bot) - DEBUG - Bot imported from /Library/Frameworks/Python.framework/Versions/3.9/lib/python3.9/site-packages/instabot/bot/bot.py
2021-11-09 18:42:51,521 - instabot version: 0.117.0 (api_login) - DEBUG - Loading cookies
2021-11-09 18:42:51,525 - instabot version: 0.117.0 (bot) - INFO - Instabot version: 0.117.0 Started
2021-11-09 18:42:51,529 - instabot version: 0.117.0 (bot) - DEBUG - Bot imported from /Library/Frameworks/Python.framework/Versions/3.9/lib/python3.9/site-packages/instabot/bot/bot.py
2021-11-09 18:42:51,532 - instabot version: 0.117.0 (api_login) - DEBUG - Loading cookies
2021-11-09 18:42:51,536 - instabot version: 0.117.0 (bot) - INFO - Instabot version: 0.117.0 Started
2021-11-09 18:42:51,539 - instabot version: 0.117.0 (bot) - DEBUG - Bot imported from /Library/Frameworks/Python.framework/Versions/3.9/lib/python3.9/site-packages/instabot/bot/bot.py
2021-11-09 18:42:51,542 - instabot version: 0.117.0 (api_login) - DEBUG - Loading cookies
2021-11-09 18:42:51,545 - instabot version: 0.117.0 (bot) - INFO - Instabot version: 0.117.0 Started
2021-11-09 18:42:51,550 - instabot version: 0.117.0 (bot) - DEBUG - Bot imported from /Library/Frameworks/Python.framework/Versions/3.9/lib/python3.9/site-packages/instabot/bot/bot.py
2021-11-09 18:42:51,553 - instabot version: 0.117.0 (api_login) - DEBUG - Loading cookies
2021-11-09 18:42:51,556 - instabot version: 0.117.0 (bot) - INFO - Instabot version: 0.117.0 Started
2021-11-09 18:42:51,560 - instabot version: 0.117.0 (bot) - DEBUG - Bot imported from /Library/Frameworks/Python.framework/Versions/3.9/lib/python3.9/site-packages/instabot/bot/bot.py
2021-11-09 18:42:51,563 - instabot version: 0.117.0 (api_login) - DEBUG - Loading cookies
2021-11-09 18:42:51,566 - instabot version: 0.117.0 (bot) - INFO - Instabot version: 0.117.0 Started
2021-11-09 18:42:51,571 - instabot version: 0.117.0 (bot) - DEBUG - Bot imported from /Library/Frameworks/Python.framework/Versions/3.9/lib/python3.9/site-packages/instabot/bot/bot.py
2021-11-09 18:42:51,574 - instabot version: 0.117.0 (api_login) - DEBUG - Loading cookies
2021-11-09 18:42:51,577 - instabot version: 0.117.0 (bot) - INFO - Instabot version: 0.117.0 Started
2021-11-09 18:42:51,582 - instabot version: 0.117.0 (bot) - DEBUG - Bot imported from /Library/Frameworks/Python.framework/Versions/3.9/lib/python3.9/site-packages/instabot/bot/bot.py
2021-11-09 18:42:51,585 - instabot version: 0.117.0 (api_login) - DEBUG - Loading cookies
2021-11-09 18:42:51,588 - instabot version: 0.117.0 (bot) - INFO - Instabot version: 0.117.0 Started
2021-11-09 18:42:51,594 - instabot version: 0.117.0 (bot) - DEBUG - Bot imported from /Library/Frameworks/Python.framework/Versions/3.9/lib/python3.9/site-packages/instabot/bot/bot.py
2021-11-09 18:42:51,597 - instabot version: 0.117.0 (api_login) - DEBUG - Loading cookies
2021-11-09 18:42:51,600 - instabot version: 0.117.0 (bot) - INFO - Instabot version: 0.117.0 Started
2021-11-09 18:42:51,604 - instabot version: 0.117.0 (bot) - DEBUG - Bot imported from /Library/Frameworks/Python.framework/Versions/3.9/lib/python3.9/site-packages/instabot/bot/bot.py
2021-11-09 18:42:51,607 - instabot version: 0.117.0 (api_login) - DEBUG - Loading cookies
2021-11-09 18:42:51,610 - instabot version: 0.117.0 (bot) - INFO - Instabot version: 0.117.0 Started
2021-11-09 18:42:51,615 - instabot version: 0.117.0 (bot) - DEBUG - Bot imported from /Library/Frameworks/Python.framework/Versions/3.9/lib/python3.9/site-packages/instabot/bot/bot.py
2021-11-09 18:42:51,619 - instabot version: 0.117.0 (api_login) - DEBUG - Loading cookies
2021-11-09 18:42:51,622 - instabot version: 0.117.0 (bot) - INFO - Instabot version: 0.117.0 Started
2021-11-09 18:42:51,626 - instabot version: 0.117.0 (bot) - DEBUG - Bot imported from /Library/Frameworks/Python.framework/Versions/3.9/lib/python3.9/site-packages/instabot/bot/bot.py
2021-11-09 18:42:51,629 - instabot version: 0.117.0 (api_login) - DEBUG - Loading cookies
2021-11-09 18:42:51,633 - instabot version: 0.117.0 (bot) - INFO - Instabot version: 0.117.0 Started
2021-11-09 18:42:51,638 - instabot version: 0.117.0 (bot) - DEBUG - Bot imported from /Library/Frameworks/Python.framework/Versions/3.9/lib/python3.9/site-packages/instabot/bot/bot.py
2021-11-09 18:42:51,641 - instabot version: 0.117.0 (api_login) - DEBUG - Loading cookies
2021-11-09 18:42:51,645 - instabot version: 0.117.0 (bot) - INFO - Instabot version: 0.117.0 Started
2021-11-09 18:42:51,649 - instabot version: 0.117.0 (bot) - DEBUG - Bot imported from /Library/Frameworks/Python.framework/Versions/3.9/lib/python3.9/site-packages/instabot/bot/bot.py
2021-11-09 18:42:51,653 - instabot version: 0.117.0 (api_login) - DEBUG - Loading cookies
2021-11-09 18:42:51,657 - instabot version: 0.117.0 (bot) - INFO - Instabot version: 0.117.0 Started
2021-11-09 18:42:51,665 - instabot version: 0.117.0 (bot) - DEBUG - Bot imported from /Library/Frameworks/Python.framework/Versions/3.9/lib/python3.9/site-packages/instabot/bot/bot.py
2021-11-09 18:42:51,668 - instabot version: 0.117.0 (api_login) - DEBUG - Loading cookies
2021-11-09 18:42:51,672 - instabot version: 0.117.0 (bot) - INFO - Instabot version: 0.117.0 Started
2021-11-09 18:42:51,682 - instabot version: 0.117.0 (bot) - DEBUG - Bot imported from /Library/Frameworks/Python.framework/Versions/3.9/lib/python3.9/site-packages/instabot/bot/bot.py
2021-11-09 18:42:51,687 - instabot version: 0.117.0 (api_login) - DEBUG - Loading cookies
2021-11-09 18:42:51,697 - instabot version: 0.117.0 (bot) - INFO - Instabot version: 0.117.0 Started
2021-11-09 18:42:51,721 - instabot version: 0.117.0 (bot) - DEBUG - Bot imported from /Library/Frameworks/Python.framework/Versions/3.9/lib/python3.9/site-packages/instabot/bot/bot.py
2021-11-09 18:42:51,725 - instabot version: 0.117.0 (api_login) - DEBUG - Loading cookies
2021-11-09 18:42:51,731 - instabot version: 0.117.0 (bot) - INFO - Instabot version: 0.117.0 Started
2021-11-09 18:42:51,737 - instabot version: 0.117.0 (bot) - DEBUG - Bot imported from /Library/Frameworks/Python.framework/Versions/3.9/lib/python3.9/site-packages/instabot/bot/bot.py
2021-11-09 18:42:51,741 - instabot version: 0.117.0 (api_login) - DEBUG - Loading cookies
2021-11-09 18:42:51,746 - instabot version: 0.117.0 (bot) - INFO - Instabot version: 0.117.0 Started
2021-11-09 18:42:51,755 - instabot version: 0.117.0 (bot) - DEBUG - Bot imported from /Library/Frameworks/Python.framework/Versions/3.9/lib/python3.9/site-packages/instabot/bot/bot.py
2021-11-09 18:42:51,759 - instabot version: 0.117.0 (api_login) - DEBUG - Loading cookies
2021-11-09 18:42:51,763 - instabot version: 0.117.0 (bot) - INFO - Instabot version: 0.117.0 Started
2021-11-09 18:42:51,771 - instabot version: 0.117.0 (bot) - DEBUG - Bot imported from /Library/Frameworks/Python.framework/Versions/3.9/lib/python3.9/site-packages/instabot/bot/bot.py
2021-11-09 18:42:51,777 - instabot version: 0.117.0 (api_login) - DEBUG - Loading cookies
2021-11-09 18:42:51,785 - instabot version: 0.117.0 (bot) - INFO - Instabot version: 0.117.0 Started
2021-11-09 18:42:51,791 - instabot version: 0.117.0 (bot) - DEBUG - Bot imported from /Library/Frameworks/Python.framework/Versions/3.9/lib/python3.9/site-packages/instabot/bot/bot.py
2021-11-09 18:42:51,795 - instabot version: 0.117.0 (api_login) - DEBUG - Loading cookies
2021-11-09 18:42:51,800 - instabot version: 0.117.0 (bot) - INFO - Instabot version: 0.117.0 Started
2021-11-09 18:42:51,806 - instabot version: 0.117.0 (bot) - DEBUG - Bot imported from /Library/Frameworks/Python.framework/Versions/3.9/lib/python3.9/site-packages/instabot/bot/bot.py
2021-11-09 18:42:51,809 - instabot version: 0.117.0 (api_login) - DEBUG - Loading cookies
2021-11-09 18:42:51,814 - instabot version: 0.117.0 (bot) - INFO - Instabot version: 0.117.0 Started
2021-11-09 18:42:51,819 - instabot version: 0.117.0 (bot) - DEBUG - Bot imported from /Library/Frameworks/Python.framework/Versions/3.9/lib/python3.9/site-packages/instabot/bot/bot.py
2021-11-09 18:42:51,823 - instabot version: 0.117.0 (api_login) - DEBUG - Loading cookies
2021-11-09 18:42:51,827 - instabot version: 0.117.0 (bot) - INFO - Instabot version: 0.117.0 Started
2021-11-09 18:42:51,836 - instabot version: 0.117.0 (bot) - DEBUG - Bot imported from /Library/Frameworks/Python.framework/Versions/3.9/lib/python3.9/site-packages/instabot/bot/bot.py
2021-11-09 18:42:51,839 - instabot version: 0.117.0 (api_login) - DEBUG - Loading cookies
2021-11-09 18:42:51,843 - instabot version: 0.117.0 (bot) - INFO - Instabot version: 0.117.0 Started
2021-11-09 18:42:51,849 - instabot version: 0.117.0 (bot) - DEBUG - Bot imported from /Library/Frameworks/Python.framework/Versions/3.9/lib/python3.9/site-packages/instabot/bot/bot.py
2021-11-09 18:42:51,852 - instabot version: 0.117.0 (api_login) - DEBUG - Loading cookies
2021-11-09 18:42:51,857 - instabot version: 0.117.0 (bot) - INFO - Instabot version: 0.117.0 Started
2021-11-09 18:42:51,864 - instabot version: 0.117.0 (bot) - DEBUG - Bot imported from /Library/Frameworks/Python.framework/Versions/3.9/lib/python3.9/site-packages/instabot/bot/bot.py
2021-11-09 18:42:51,875 - instabot version: 0.117.0 (api_login) - DEBUG - Loading cookies
2021-11-09 18:42:51,879 - instabot version: 0.117.0 (bot) - INFO - Instabot version: 0.117.0 Started
2021-11-09 18:42:51,886 - instabot version: 0.117.0 (bot) - DEBUG - Bot imported from /Library/Frameworks/Python.framework/Versions/3.9/lib/python3.9/site-packages/instabot/bot/bot.py
2021-11-09 18:42:51,892 - instabot version: 0.117.0 (api_login) - DEBUG - Loading cookies
2021-11-09 18:42:51,902 - instabot version: 0.117.0 (bot) - INFO - Instabot version: 0.117.0 Started
2021-11-09 18:42:51,910 - instabot version: 0.117.0 (bot) - DEBUG - Bot imported from /Library/Frameworks/Python.framework/Versions/3.9/lib/python3.9/site-packages/instabot/bot/bot.py
2021-11-09 18:42:51,916 - instabot version: 0.117.0 (api_login) - DEBUG - Loading cookies
2021-11-09 18:42:51,923 - instabot version: 0.117.0 (bot) - INFO - Instabot version: 0.117.0 Started
2021-11-09 18:42:51,933 - instabot version: 0.117.0 (bot) - DEBUG - Bot imported from /Library/Frameworks/Python.framework/Versions/3.9/lib/python3.9/site-packages/instabot/bot/bot.py
2021-11-09 18:42:51,939 - instabot version: 0.117.0 (api_login) - DEBUG - Loading cookies
2021-11-09 18:42:51,943 - instabot version: 0.117.0 (bot) - INFO - Instabot version: 0.117.0 Started
2021-11-09 18:42:51,950 - instabot version: 0.117.0 (bot) - DEBUG - Bot imported from /Library/Frameworks/Python.framework/Versions/3.9/lib/python3.9/site-packages/instabot/bot/bot.py
2021-11-09 18:42:51,955 - instabot version: 0.117.0 (api_login) - DEBUG - Loading cookies
2021-11-09 18:42:51,959 - instabot version: 0.117.0 (bot) - INFO - Instabot version: 0.117.0 Started
2021-11-09 18:42:51,965 - instabot version: 0.117.0 (bot) - DEBUG - Bot imported from /Library/Frameworks/Python.framework/Versions/3.9/lib/python3.9/site-packages/instabot/bot/bot.py
2021-11-09 18:42:51,968 - instabot version: 0.117.0 (api_login) - DEBUG - Loading cookies
2021-11-09 18:42:51,972 - instabot version: 0.117.0 (bot) - INFO - Instabot version: 0.117.0 Started
2021-11-09 18:42:51,977 - instabot version: 0.117.0 (bot) - DEBUG - Bot imported from /Library/Frameworks/Python.framework/Versions/3.9/lib/python3.9/site-packages/instabot/bot/bot.py
2021-11-09 18:42:51,981 - instabot version: 0.117.0 (api_login) - DEBUG - Loading cookies
2021-11-09 18:42:51,985 - instabot version: 0.117.0 (bot) - INFO - Instabot version: 0.117.0 Started
2021-11-09 18:42:51,992 - instabot version: 0.117.0 (bot) - DEBUG - Bot imported from /Library/Frameworks/Python.framework/Versions/3.9/lib/python3.9/site-packages/instabot/bot/bot.py
2021-11-09 18:42:51,997 - instabot version: 0.117.0 (api_login) - DEBUG - Loading cookies
2021-11-09 18:42:52,002 - instabot version: 0.117.0 (bot) - INFO - Instabot version: 0.117.0 Started
2021-11-09 18:42:52,013 - instabot version: 0.117.0 (bot) - DEBUG - Bot imported from /Library/Frameworks/Python.framework/Versions/3.9/lib/python3.9/site-packages/instabot/bot/bot.py
2021-11-09 18:42:52,019 - instabot version: 0.117.0 (api_login) - DEBUG - Loading cookies
2021-11-09 18:42:52,025 - instabot version: 0.117.0 (bot) - INFO - Instabot version: 0.117.0 Started
2021-11-09 18:42:52,033 - instabot version: 0.117.0 (bot) - DEBUG - Bot imported from /Library/Frameworks/Python.framework/Versions/3.9/lib/python3.9/site-packages/instabot/bot/bot.py
2021-11-09 18:42:52,040 - instabot version: 0.117.0 (api_login) - DEBUG - Loading cookies
2021-11-09 18:42:52,046 - instabot version: 0.117.0 (bot) - INFO - Instabot version: 0.117.0 Started
2021-11-09 18:42:52,054 - instabot version: 0.117.0 (bot) - DEBUG - Bot imported from /Library/Frameworks/Python.framework/Versions/3.9/lib/python3.9/site-packages/instabot/bot/bot.py
2021-11-09 18:42:52,060 - instabot version: 0.117.0 (api_login) - DEBUG - Loading cookies
2021-11-09 18:42:52,067 - instabot version: 0.117.0 (bot) - INFO - Instabot version: 0.117.0 Started
2021-11-09 18:42:52,074 - instabot version: 0.117.0 (bot) - DEBUG - Bot imported from /Library/Frameworks/Python.framework/Versions/3.9/lib/python3.9/site-packages/instabot/bot/bot.py
2021-11-09 18:42:52,081 - instabot version: 0.117.0 (api_login) - DEBUG - Loading cookies
2021-11-09 18:42:52,088 - instabot version: 0.117.0 (bot) - INFO - Instabot version: 0.117.0 Started
2021-11-09 18:42:52,097 - instabot version: 0.117.0 (bot) - DEBUG - Bot imported from /Library/Frameworks/Python.framework/Versions/3.9/lib/python3.9/site-packages/instabot/bot/bot.py
2021-11-09 18:42:52,106 - instabot version: 0.117.0 (api_login) - DEBUG - Loading cookies
2021-11-09 18:42:52,113 - instabot version: 0.117.0 (bot) - INFO - Instabot version: 0.117.0 Started
2021-11-09 18:42:52,122 - instabot version: 0.117.0 (bot) - DEBUG - Bot imported from /Library/Frameworks/Python.framework/Versions/3.9/lib/python3.9/site-packages/instabot/bot/bot.py
2021-11-09 18:42:52,128 - instabot version: 0.117.0 (api_login) - DEBUG - Loading cookies
2021-11-09 18:42:52,137 - instabot version: 0.117.0 (bot) - INFO - Instabot version: 0.117.0 Started
2021-11-09 18:42:52,145 - instabot version: 0.117.0 (bot) - DEBUG - Bot imported from /Library/Frameworks/Python.framework/Versions/3.9/lib/python3.9/site-packages/instabot/bot/bot.py
2021-11-09 18:42:52,151 - instabot version: 0.117.0 (api_login) - DEBUG - Loading cookies
2021-11-09 18:42:52,160 - instabot version: 0.117.0 (bot) - INFO - Instabot version: 0.117.0 Started
2021-11-09 18:42:52,170 - instabot version: 0.117.0 (bot) - DEBUG - Bot imported from /Library/Frameworks/Python.framework/Versions/3.9/lib/python3.9/site-packages/instabot/bot/bot.py
2021-11-09 18:42:52,177 - instabot version: 0.117.0 (api_login) - DEBUG - Loading cookies
2021-11-09 18:42:52,185 - instabot version: 0.117.0 (bot) - INFO - Instabot version: 0.117.0 Started
2021-11-09 18:42:52,194 - instabot version: 0.117.0 (bot) - DEBUG - Bot imported from /Library/Frameworks/Python.framework/Versions/3.9/lib/python3.9/site-packages/instabot/bot/bot.py
2021-11-09 18:42:52,202 - instabot version: 0.117.0 (api_login) - DEBUG - Loading cookies
2021-11-09 18:42:52,209 - instabot version: 0.117.0 (bot) - INFO - Instabot version: 0.117.0 Started
2021-11-09 18:42:52,218 - instabot version: 0.117.0 (bot) - DEBUG - Bot imported from /Library/Frameworks/Python.framework/Versions/3.9/lib/python3.9/site-packages/instabot/bot/bot.py
2021-11-09 18:42:52,224 - instabot version: 0.117.0 (api_login) - DEBUG - Loading cookies
2021-11-09 18:42:52,231 - instabot version: 0.117.0 (bot) - INFO - Instabot version: 0.117.0 Started
2021-11-09 18:42:52,240 - instabot version: 0.117.0 (bot) - DEBUG - Bot imported from /Library/Frameworks/Python.framework/Versions/3.9/lib/python3.9/site-packages/instabot/bot/bot.py
2021-11-09 18:42:52,246 - instabot version: 0.117.0 (api_login) - DEBUG - Loading cookies
2021-11-09 18:42:52,252 - instabot version: 0.117.0 (bot) - INFO - Instabot version: 0.117.0 Started
2021-11-09 18:42:52,258 - instabot version: 0.117.0 (bot) - DEBUG - Bot imported from /Library/Frameworks/Python.framework/Versions/3.9/lib/python3.9/site-packages/instabot/bot/bot.py
2021-11-09 18:42:52,261 - instabot version: 0.117.0 (api_login) - DEBUG - Loading cookies
2021-11-09 18:42:52,266 - instabot version: 0.117.0 (bot) - INFO - Instabot version: 0.117.0 Started
2021-11-09 18:42:52,272 - instabot version: 0.117.0 (bot) - DEBUG - Bot imported from /Library/Frameworks/Python.framework/Versions/3.9/lib/python3.9/site-packages/instabot/bot/bot.py
2021-11-09 18:42:52,278 - instabot version: 0.117.0 (api_login) - DEBUG - Loading cookies
2021-11-09 18:42:52,284 - instabot version: 0.117.0 (bot) - INFO - Instabot version: 0.117.0 Started
2021-11-09 18:42:52,290 - instabot version: 0.117.0 (bot) - DEBUG - Bot imported from /Library/Frameworks/Python.framework/Versions/3.9/lib/python3.9/site-packages/instabot/bot/bot.py
2021-11-09 18:42:52,295 - instabot version: 0.117.0 (api_login) - DEBUG - Loading cookies
