2021-11-05 16:37:30,391 - instabot version: 0.117.0 (bot) - INFO - Instabot version: 0.117.0 Started
2021-11-05 16:37:30,391 - instabot version: 0.117.0 (bot) - DEBUG - Bot imported from /Library/Frameworks/Python.framework/Versions/3.9/lib/python3.9/site-packages/instabot/bot/bot.py
2021-11-05 16:37:30,392 - instabot version: 0.117.0 (api_login) - INFO - Not yet logged in starting: PRE-LOGIN FLOW!
2021-11-05 16:37:32,583 - instabot version: 0.117.0 (api) - DEBUG - POST to endpoint: accounts/get_prefill_candidates/ returned response: <Response [200]>
2021-11-05 16:37:33,122 - instabot version: 0.117.0 (api) - DEBUG - POST to endpoint: qe/sync/ returned response: <Response [200]>
2021-11-05 16:37:33,524 - instabot version: 0.117.0 (api) - DEBUG - POST to endpoint: launcher/sync/ returned response: <Response [200]>
2021-11-05 16:37:33,759 - instabot version: 0.117.0 (api) - DEBUG - POST to endpoint: accounts/contact_point_prefill/ returned response: <Response [200]>
2021-11-05 16:37:35,784 - instabot version: 0.117.0 (api) - DEBUG - POST to endpoint: accounts/login/ returned response: <Response [200]>
2021-11-05 16:37:35,784 - instabot version: 0.117.0 (api) - INFO - Logged-in successfully as 'giudoinstambot'!
2021-11-05 16:37:35,784 - instabot version: 0.117.0 (api_login) - INFO - LOGIN FLOW! Just logged-in: True
2021-11-05 16:37:36,235 - instabot version: 0.117.0 (api) - DEBUG - POST to endpoint: qe/sync/ returned response: <Response [200]>
2021-11-05 16:37:37,654 - instabot version: 0.117.0 (api) - DEBUG - POST to endpoint: launcher/sync/ returned response: <Response [200]>
2021-11-05 16:37:37,882 - instabot version: 0.117.0 (api) - DEBUG - GET to endpoint: zr/token/result/?device_id=android-0408bc8cf7269a3e&token_hash=&custom_device_id=android-0408bc8cf7269a3e&fetch_reason=token_expired returned response: <Response [200]>
2021-11-05 16:37:42,133 - instabot version: 0.117.0 (api) - DEBUG - GET to endpoint: multiple_accounts/get_account_family/ returned response: <Response [200]>
2021-11-05 16:37:43,168 - instabot version: 0.117.0 (api) - DEBUG - POST to endpoint: qe/sync/ returned response: <Response [200]>
2021-11-05 16:37:45,477 - instabot version: 0.117.0 (api) - DEBUG - GET to endpoint: igtv/browse_feed/?prefetch=1 returned response: <Response [200]>
2021-11-05 16:38:01,715 - instabot version: 0.117.0 (api) - DEBUG - POST to endpoint: creatives/ar_class/ returned response: <Response [200]>
2021-11-05 16:38:03,201 - instabot version: 0.117.0 (api) - DEBUG - POST to endpoint: feed/reels_tray/ returned response: <Response [200]>
2021-11-05 16:38:08,146 - instabot version: 0.117.0 (api) - DEBUG - POST to endpoint: feed/timeline/ returned response: <Response [200]>
2021-11-05 16:38:08,360 - instabot version: 0.117.0 (api) - DEBUG - GET to endpoint: media/blocked/ returned response: <Response [200]>
2021-11-05 16:38:09,366 - instabot version: 0.117.0 (api) - DEBUG - GET to endpoint: news/inbox/ returned response: <Response [200]>
2021-11-05 16:38:11,004 - instabot version: 0.117.0 (api) - DEBUG - GET to endpoint: loom/fetch_config/ returned response: <Response [200]>
2021-11-05 16:38:11,429 - instabot version: 0.117.0 (api) - DEBUG - GET to endpoint: scores/bootstrap/users/?surfaces=["autocomplete_user_list","coefficient_besties_list_ranking","coefficient_rank_recipient_user_suggestion","coefficient_ios_section_test_bootstrap_ranking","coefficient_direct_recipients_ranking_variant_2"] returned response: <Response [200]>
2021-11-05 16:38:11,827 - instabot version: 0.117.0 (api) - DEBUG - GET to endpoint: business/eligibility/get_monetization_products_eligibility_data/?product_types=branded_content returned response: <Response [200]>
2021-11-05 16:38:12,233 - instabot version: 0.117.0 (api) - DEBUG - GET to endpoint: business/branded_content/should_require_professional_account/ returned response: <Response [200]>
2021-11-05 16:38:12,643 - instabot version: 0.117.0 (api) - DEBUG - GET to endpoint: linked_accounts/get_linkage_status/ returned response: <Response [200]>
2021-11-05 16:38:13,052 - instabot version: 0.117.0 (api) - DEBUG - GET to endpoint: locations/request_country/ returned response: <Response [200]>
2021-11-05 16:38:13,462 - instabot version: 0.117.0 (api) - DEBUG - GET to endpoint: qp/get_cooldowns/?signed_body=signed_body=4b9c516a5410a3bc128e09c6104a7f042146b9c2023870560c63a43a7f66781c.4&ig_sig_key_version=4&ig_sig_key_version=4 returned response: <Response [200]>
2021-11-05 16:38:13,874 - instabot version: 0.117.0 (api) - DEBUG - GET to endpoint: users/arlink_download_info/?version_override=2.2.1 returned response: <Response [200]>
2021-11-05 16:38:15,102 - instabot version: 0.117.0 (api) - DEBUG - GET to endpoint: users/49818294203/info/ returned response: <Response [200]>
2021-11-05 16:38:15,408 - instabot version: 0.117.0 (api) - DEBUG - GET to endpoint: direct_v2/get_presence/ returned response: <Response [200]>
2021-11-05 16:38:15,918 - instabot version: 0.117.0 (api) - DEBUG - GET to endpoint: direct_v2/inbox/?visual_message_return_type=unseen&thread_message_limit=10&persistentBadging=true&limit=20 returned response: <Response [200]>
2021-11-05 16:38:16,340 - instabot version: 0.117.0 (api) - DEBUG - GET to endpoint: direct_v2/inbox/?visual_message_return_type=unseen&persistentBadging=true&limit=0 returned response: <Response [200]>
2021-11-05 16:38:18,178 - instabot version: 0.117.0 (api) - DEBUG - GET to endpoint: discover/topical_explore/?is_prefetch=true&omit_cover_media=true&use_sectional_payload=true&timezone_offset=0&session_id=8876d075-263e-4cbe-9367-6604e0e951c8&include_fixed_destinations=true returned response: <Response [200]>
2021-11-05 16:38:18,450 - instabot version: 0.117.0 (api) - DEBUG - POST to endpoint: notifications/badge/ returned response: <Response [200]>
2021-11-05 16:38:18,993 - instabot version: 0.117.0 (api) - DEBUG - POST to endpoint: qp/batch_fetch/ returned response: <Response [200]>
2021-11-05 16:38:18,996 - instabot version: 0.117.0 (bot_checkpoint) - DEBUG - Loading Checkpoint file from: /Users/fabiodonello/Desktop/Esame OOP/InstgramBot_2/config/giudoinstambot.checkpoint
2021-11-05 16:38:19,818 - instabot version: 0.117.0 (api) - DEBUG - GET to endpoint: feed/tag/jkjbc/?max_id=&rank_token=49818294203_f2301b6f-200f-4858-8bd0-13cc5ad2467a&ranked_content=true& returned response: <Response [200]>
2021-11-05 16:38:20,632 - instabot version: 0.117.0 (api) - DEBUG - GET to endpoint: users/6861546501/info/ returned response: <Response [200]>
2021-11-05 16:38:20,634 - instabot version: 0.117.0 (bot_follow) - INFO - Going to follow `user_id` 6861546501.
2021-11-05 16:38:20,635 - instabot version: 0.117.0 (api) - DEBUG - post data: {"user_id": "6861546501", "radio_type": "wifi-none", "device_id": "android-0408bc8cf7269a3e", "_uuid": "f2301b6f-200f-4858-8bd0-13cc5ad2467a", "_uid": "49818294203", "_csrftoken": "Hxe3pBaUi0AKef4tREpfAvDgYKUcBxah"}
2021-11-05 16:38:21,450 - instabot version: 0.117.0 (api) - DEBUG - POST to endpoint: friendships/create/6861546501/ returned response: <Response [200]>
2021-11-05 16:38:21,450 - instabot version: 0.117.0 (bot_follow) - INFO - Followed `user_id` 6861546501.
2021-11-05 16:38:32,095 - instabot version: 0.117.0 (api) - DEBUG - GET to endpoint: users/49818294203/info/ returned response: <Response [200]>
2021-11-05 16:38:40,306 - instabot version: 0.117.0 (api) - DEBUG - GET to endpoint: friendships/49818294203/following/?max_id=&ig_sig_key_version=4&rank_token=49818294203_f2301b6f-200f-4858-8bd0-13cc5ad2467a returned response: <Response [200]>
2021-11-05 16:38:41,426 - instabot version: 0.117.0 (api) - DEBUG - GET to endpoint: users/311892237/info/ returned response: <Response [200]>
2021-11-05 16:38:41,426 - instabot version: 0.117.0 (bot_follow) - INFO - Going to follow `user_id` 311892237.
