2021-11-05 17:19:22,684 - instabot version: 0.117.0 (bot) - INFO - Instabot version: 0.117.0 Started
2021-11-05 17:19:22,684 - instabot version: 0.117.0 (bot) - DEBUG - Bot imported from /Library/Frameworks/Python.framework/Versions/3.9/lib/python3.9/site-packages/instabot/bot/bot.py
2021-11-05 17:19:22,685 - instabot version: 0.117.0 (api_login) - INFO - Not yet logged in starting: PRE-LOGIN FLOW!
2021-11-05 17:19:23,413 - instabot version: 0.117.0 (api) - DEBUG - POST to endpoint: accounts/get_prefill_candidates/ returned response: <Response [200]>
2021-11-05 17:19:24,024 - instabot version: 0.117.0 (api) - DEBUG - POST to endpoint: qe/sync/ returned response: <Response [200]>
2021-11-05 17:19:24,347 - instabot version: 0.117.0 (api) - DEBUG - POST to endpoint: launcher/sync/ returned response: <Response [200]>
2021-11-05 17:19:25,252 - instabot version: 0.117.0 (api) - DEBUG - POST to endpoint: accounts/contact_point_prefill/ returned response: <Response [200]>
2021-11-05 17:19:27,417 - instabot version: 0.117.0 (api) - DEBUG - POST to endpoint: accounts/login/ returned response: <Response [200]>
2021-11-05 17:19:27,418 - instabot version: 0.117.0 (api) - INFO - Logged-in successfully as 'giudoinstambot'!
2021-11-05 17:19:27,418 - instabot version: 0.117.0 (api_login) - INFO - LOGIN FLOW! Just logged-in: True
2021-11-05 17:19:28,021 - instabot version: 0.117.0 (api) - DEBUG - POST to endpoint: qe/sync/ returned response: <Response [200]>
2021-11-05 17:19:28,635 - instabot version: 0.117.0 (api) - DEBUG - POST to endpoint: launcher/sync/ returned response: <Response [200]>
2021-11-05 17:19:29,316 - instabot version: 0.117.0 (api) - DEBUG - GET to endpoint: zr/token/result/?device_id=android-0408bc8cf7269a3e&token_hash=&custom_device_id=android-0408bc8cf7269a3e&fetch_reason=token_expired returned response: <Response [200]>
2021-11-05 17:19:30,182 - instabot version: 0.117.0 (api) - DEBUG - GET to endpoint: multiple_accounts/get_account_family/ returned response: <Response [200]>
2021-11-05 17:19:31,092 - instabot version: 0.117.0 (api) - DEBUG - POST to endpoint: qe/sync/ returned response: <Response [200]>
2021-11-05 17:19:32,015 - instabot version: 0.117.0 (api) - DEBUG - GET to endpoint: igtv/browse_feed/?prefetch=1 returned response: <Response [200]>
2021-11-05 17:19:32,629 - instabot version: 0.117.0 (api) - DEBUG - POST to endpoint: creatives/ar_class/ returned response: <Response [200]>
2021-11-05 17:19:33,550 - instabot version: 0.117.0 (api) - DEBUG - POST to endpoint: feed/reels_tray/ returned response: <Response [200]>
2021-11-05 17:20:10,424 - instabot version: 0.117.0 (api) - DEBUG - POST to endpoint: feed/timeline/ returned response: <Response [200]>
2021-11-05 17:20:10,727 - instabot version: 0.117.0 (api) - DEBUG - GET to endpoint: media/blocked/ returned response: <Response [200]>
2021-11-05 17:20:11,336 - instabot version: 0.117.0 (api) - DEBUG - GET to endpoint: news/inbox/ returned response: <Response [200]>
2021-11-05 17:20:11,950 - instabot version: 0.117.0 (api) - DEBUG - GET to endpoint: loom/fetch_config/ returned response: <Response [200]>
2021-11-05 17:20:12,564 - instabot version: 0.117.0 (api) - DEBUG - GET to endpoint: scores/bootstrap/users/?surfaces=["autocomplete_user_list","coefficient_besties_list_ranking","coefficient_rank_recipient_user_suggestion","coefficient_ios_section_test_bootstrap_ranking","coefficient_direct_recipients_ranking_variant_2"] returned response: <Response [200]>
2021-11-05 17:20:13,178 - instabot version: 0.117.0 (api) - DEBUG - GET to endpoint: business/eligibility/get_monetization_products_eligibility_data/?product_types=branded_content returned response: <Response [200]>
2021-11-05 17:20:13,487 - instabot version: 0.117.0 (api) - DEBUG - GET to endpoint: business/branded_content/should_require_professional_account/ returned response: <Response [200]>
2021-11-05 17:20:14,100 - instabot version: 0.117.0 (api) - DEBUG - GET to endpoint: linked_accounts/get_linkage_status/ returned response: <Response [200]>
2021-11-05 17:21:29,297 - instabot version: 0.117.0 (api) - WARNING - HTTPSConnectionPool(host='i.instagram.com', port=443): Max retries exceeded with url: /api/v1/locations/request_country/ (Caused by NewConnectionError('<urllib3.connection.HTTPSConnection object at 0x7fdc1312eb50>: Failed to establish a new connection: [Errno 60] Operation timed out'))
2021-11-05 17:21:29,933 - instabot version: 0.117.0 (api) - DEBUG - GET to endpoint: qp/get_cooldowns/?signed_body=signed_body=4b9c516a5410a3bc128e09c6104a7f042146b9c2023870560c63a43a7f66781c.4&ig_sig_key_version=4&ig_sig_key_version=4 returned response: <Response [200]>
2021-11-05 17:21:30,286 - instabot version: 0.117.0 (api) - DEBUG - GET to endpoint: users/arlink_download_info/?version_override=2.2.1 returned response: <Response [200]>
2021-11-05 17:21:30,788 - instabot version: 0.117.0 (api) - DEBUG - GET to endpoint: users/49818294203/info/ returned response: <Response [200]>
2021-11-05 17:21:31,515 - instabot version: 0.117.0 (api) - DEBUG - GET to endpoint: direct_v2/get_presence/ returned response: <Response [200]>
2021-11-05 17:21:32,434 - instabot version: 0.117.0 (api) - DEBUG - GET to endpoint: direct_v2/inbox/?visual_message_return_type=unseen&thread_message_limit=10&persistentBadging=true&limit=20 returned response: <Response [200]>
2021-11-05 17:21:33,663 - instabot version: 0.117.0 (api) - DEBUG - GET to endpoint: direct_v2/inbox/?visual_message_return_type=unseen&persistentBadging=true&limit=0 returned response: <Response [200]>
2021-11-05 17:21:34,587 - instabot version: 0.117.0 (api) - DEBUG - GET to endpoint: discover/topical_explore/?is_prefetch=true&omit_cover_media=true&use_sectional_payload=true&timezone_offset=0&session_id=3b68ec2f-c810-41f4-b487-d3f76930f590&include_fixed_destinations=true returned response: <Response [200]>
2021-11-05 17:21:34,978 - instabot version: 0.117.0 (api) - DEBUG - POST to endpoint: notifications/badge/ returned response: <Response [200]>
2021-11-05 17:21:35,513 - instabot version: 0.117.0 (api) - DEBUG - POST to endpoint: qp/batch_fetch/ returned response: <Response [200]>
2021-11-05 17:21:35,514 - instabot version: 0.117.0 (bot_checkpoint) - DEBUG - Loading Checkpoint file from: /Users/fabiodonello/Desktop/Esame OOP/InstgramBot_2/config/giudoinstambot.checkpoint
2021-11-05 17:21:37,088 - instabot version: 0.117.0 (api) - DEBUG - GET to endpoint: feed/tag/lgdrc/?max_id=&rank_token=49818294203_bfc7f8cc-cc28-431d-8141-b9f1a22a4cd3&ranked_content=true& returned response: <Response [200]>
2021-11-05 17:21:37,093 - instabot version: 0.117.0 (bot_follow) - INFO - Going to follow `user_id` 33910757624.
2021-11-05 17:21:37,094 - instabot version: 0.117.0 (api) - DEBUG - post data: {"user_id": "33910757624", "radio_type": "wifi-none", "device_id": "android-0408bc8cf7269a3e", "_uuid": "bfc7f8cc-cc28-431d-8141-b9f1a22a4cd3", "_uid": "49818294203", "_csrftoken": "jkwanxfaknZdodPKpFwUti9LQMZ5Y1Ml"}
2021-11-05 17:21:38,888 - instabot version: 0.117.0 (api) - DEBUG - POST to endpoint: friendships/create/33910757624/ returned response: <Response [200]>
2021-11-05 17:21:38,889 - instabot version: 0.117.0 (bot_follow) - INFO - Followed `user_id` 33910757624.
2021-11-05 17:21:39,501 - instabot version: 0.117.0 (api) - DEBUG - GET to endpoint: users/49818294203/info/ returned response: <Response [200]>
2021-11-05 17:21:40,117 - instabot version: 0.117.0 (api) - DEBUG - GET to endpoint: friendships/49818294203/following/?max_id=&ig_sig_key_version=4&rank_token=49818294203_bfc7f8cc-cc28-431d-8141-b9f1a22a4cd3 returned response: <Response [200]>
2021-11-05 17:21:40,120 - instabot version: 0.117.0 (bot_follow) - INFO - Going to follow `user_id` 33910757624.
2021-11-05 17:23:48,134 - instabot version: 0.117.0 (api) - DEBUG - post data: {"user_id": "33910757624", "radio_type": "wifi-none", "device_id": "android-0408bc8cf7269a3e", "_uuid": "bfc7f8cc-cc28-431d-8141-b9f1a22a4cd3", "_uid": "49818294203", "_csrftoken": "jkwanxfaknZdodPKpFwUti9LQMZ5Y1Ml"}
2021-11-05 17:23:48,835 - instabot version: 0.117.0 (api) - DEBUG - POST to endpoint: friendships/create/33910757624/ returned response: <Response [200]>
2021-11-05 17:23:48,835 - instabot version: 0.117.0 (bot_follow) - INFO - Followed `user_id` 33910757624.
2021-11-05 17:23:48,838 - instabot version: 0.117.0 (bot_follow) - INFO - Going to follow `user_id` 33910757624.
2021-11-05 17:30:01,869 - instabot version: 0.117.0 (api) - DEBUG - post data: {"user_id": "33910757624", "radio_type": "wifi-none", "device_id": "android-0408bc8cf7269a3e", "_uuid": "bfc7f8cc-cc28-431d-8141-b9f1a22a4cd3", "_uid": "49818294203", "_csrftoken": "jkwanxfaknZdodPKpFwUti9LQMZ5Y1Ml"}
2021-11-05 17:30:02,406 - instabot version: 0.117.0 (api) - DEBUG - POST to endpoint: friendships/create/33910757624/ returned response: <Response [200]>
2021-11-05 17:30:02,406 - instabot version: 0.117.0 (bot_follow) - INFO - Followed `user_id` 33910757624.
2021-11-05 17:30:02,408 - instabot version: 0.117.0 (bot_follow) - INFO - Going to follow `user_id` 39445037371.
