2021-11-05 17:46:36,116 - instabot version: 0.117.0 (bot) - INFO - Instabot version: 0.117.0 Started
2021-11-05 17:46:36,116 - instabot version: 0.117.0 (bot) - DEBUG - Bot imported from /Library/Frameworks/Python.framework/Versions/3.9/lib/python3.9/site-packages/instabot/bot/bot.py
2021-11-05 17:46:36,117 - instabot version: 0.117.0 (api_login) - INFO - Not yet logged in starting: PRE-LOGIN FLOW!
2021-11-05 17:46:36,513 - instabot version: 0.117.0 (api) - DEBUG - POST to endpoint: accounts/get_prefill_candidates/ returned response: <Response [200]>
2021-11-05 17:46:36,940 - instabot version: 0.117.0 (api) - DEBUG - POST to endpoint: qe/sync/ returned response: <Response [200]>
2021-11-05 17:46:37,438 - instabot version: 0.117.0 (api) - DEBUG - POST to endpoint: launcher/sync/ returned response: <Response [200]>
2021-11-05 17:46:38,163 - instabot version: 0.117.0 (api) - DEBUG - POST to endpoint: accounts/contact_point_prefill/ returned response: <Response [200]>
2021-11-05 17:46:40,044 - instabot version: 0.117.0 (api) - DEBUG - POST to endpoint: accounts/login/ returned response: <Response [200]>
2021-11-05 17:46:40,044 - instabot version: 0.117.0 (api) - INFO - Logged-in successfully as 'giudoinstambot'!
2021-11-05 17:46:40,044 - instabot version: 0.117.0 (api_login) - INFO - LOGIN FLOW! Just logged-in: True
2021-11-05 17:46:41,103 - instabot version: 0.117.0 (api) - DEBUG - POST to endpoint: qe/sync/ returned response: <Response [200]>
2021-11-05 17:46:42,185 - instabot version: 0.117.0 (api) - DEBUG - POST to endpoint: launcher/sync/ returned response: <Response [200]>
2021-11-05 17:46:43,465 - instabot version: 0.117.0 (api) - DEBUG - GET to endpoint: zr/token/result/?device_id=android-0408bc8cf7269a3e&token_hash=&custom_device_id=android-0408bc8cf7269a3e&fetch_reason=token_expired returned response: <Response [200]>
2021-11-05 17:46:44,329 - instabot version: 0.117.0 (api) - DEBUG - GET to endpoint: multiple_accounts/get_account_family/ returned response: <Response [200]>
2021-11-05 17:46:44,787 - instabot version: 0.117.0 (api) - DEBUG - POST to endpoint: qe/sync/ returned response: <Response [200]>
2021-11-05 17:46:46,497 - instabot version: 0.117.0 (api) - DEBUG - GET to endpoint: igtv/browse_feed/?prefetch=1 returned response: <Response [200]>
2021-11-05 17:46:47,010 - instabot version: 0.117.0 (api) - DEBUG - POST to endpoint: creatives/ar_class/ returned response: <Response [200]>
2021-11-05 17:46:47,685 - instabot version: 0.117.0 (api) - DEBUG - POST to endpoint: feed/reels_tray/ returned response: <Response [200]>
2021-11-05 17:46:49,738 - instabot version: 0.117.0 (api) - DEBUG - POST to endpoint: feed/timeline/ returned response: <Response [200]>
2021-11-05 17:46:49,980 - instabot version: 0.117.0 (api) - DEBUG - GET to endpoint: media/blocked/ returned response: <Response [200]>
2021-11-05 17:46:50,671 - instabot version: 0.117.0 (api) - DEBUG - GET to endpoint: news/inbox/ returned response: <Response [200]>
2021-11-05 17:46:51,078 - instabot version: 0.117.0 (api) - DEBUG - GET to endpoint: loom/fetch_config/ returned response: <Response [200]>
2021-11-05 17:46:52,121 - instabot version: 0.117.0 (api) - DEBUG - GET to endpoint: scores/bootstrap/users/?surfaces=["autocomplete_user_list","coefficient_besties_list_ranking","coefficient_rank_recipient_user_suggestion","coefficient_ios_section_test_bootstrap_ranking","coefficient_direct_recipients_ranking_variant_2"] returned response: <Response [200]>
2021-11-05 17:46:52,507 - instabot version: 0.117.0 (api) - DEBUG - GET to endpoint: business/eligibility/get_monetization_products_eligibility_data/?product_types=branded_content returned response: <Response [200]>
2021-11-05 17:46:52,744 - instabot version: 0.117.0 (api) - DEBUG - GET to endpoint: business/branded_content/should_require_professional_account/ returned response: <Response [200]>
2021-11-05 17:46:53,122 - instabot version: 0.117.0 (api) - DEBUG - GET to endpoint: linked_accounts/get_linkage_status/ returned response: <Response [200]>
2021-11-05 17:46:53,544 - instabot version: 0.117.0 (api) - DEBUG - GET to endpoint: locations/request_country/ returned response: <Response [200]>
2021-11-05 17:46:53,949 - instabot version: 0.117.0 (api) - DEBUG - GET to endpoint: qp/get_cooldowns/?signed_body=signed_body=4b9c516a5410a3bc128e09c6104a7f042146b9c2023870560c63a43a7f66781c.4&ig_sig_key_version=4&ig_sig_key_version=4 returned response: <Response [200]>
2021-11-05 17:46:54,785 - instabot version: 0.117.0 (api) - DEBUG - GET to endpoint: users/arlink_download_info/?version_override=2.2.1 returned response: <Response [200]>
2021-11-05 17:46:55,624 - instabot version: 0.117.0 (api) - DEBUG - GET to endpoint: users/49818294203/info/ returned response: <Response [200]>
2021-11-05 17:46:56,212 - instabot version: 0.117.0 (api) - DEBUG - GET to endpoint: direct_v2/get_presence/ returned response: <Response [200]>
2021-11-05 17:46:56,858 - instabot version: 0.117.0 (api) - DEBUG - GET to endpoint: direct_v2/inbox/?visual_message_return_type=unseen&thread_message_limit=10&persistentBadging=true&limit=20 returned response: <Response [200]>
2021-11-05 17:46:57,221 - instabot version: 0.117.0 (api) - DEBUG - GET to endpoint: direct_v2/inbox/?visual_message_return_type=unseen&persistentBadging=true&limit=0 returned response: <Response [200]>
2021-11-05 17:46:58,654 - instabot version: 0.117.0 (api) - DEBUG - GET to endpoint: discover/topical_explore/?is_prefetch=true&omit_cover_media=true&use_sectional_payload=true&timezone_offset=0&session_id=e3df24db-ca51-4e6b-a004-46a84ce64ffe&include_fixed_destinations=true returned response: <Response [200]>
2021-11-05 17:46:59,148 - instabot version: 0.117.0 (api) - DEBUG - POST to endpoint: notifications/badge/ returned response: <Response [200]>
2021-11-05 17:47:00,043 - instabot version: 0.117.0 (api) - DEBUG - POST to endpoint: qp/batch_fetch/ returned response: <Response [200]>
2021-11-05 17:47:00,043 - instabot version: 0.117.0 (bot_checkpoint) - DEBUG - Loading Checkpoint file from: /Users/fabiodonello/Desktop/Esame OOP/InstgramBot_2/config/giudoinstambot.checkpoint
2021-11-05 17:47:01,542 - instabot version: 0.117.0 (api) - DEBUG - GET to endpoint: feed/tag/pfeyferinteriors/?max_id=&rank_token=49818294203_5c89d2b3-dc88-4f42-aa11-ff43b48abab0&ranked_content=true& returned response: <Response [200]>
2021-11-05 17:47:01,545 - instabot version: 0.117.0 (bot_follow) - INFO - Going to follow `user_id` 2031178858.
2021-11-05 17:47:01,545 - instabot version: 0.117.0 (api) - DEBUG - post data: {"user_id": "2031178858", "radio_type": "wifi-none", "device_id": "android-0408bc8cf7269a3e", "_uuid": "5c89d2b3-dc88-4f42-aa11-ff43b48abab0", "_uid": "49818294203", "_csrftoken": "G1kjFlBRRXUgK4Z3831fb1J0uzFKaEyF"}
2021-11-05 17:47:02,133 - instabot version: 0.117.0 (api) - DEBUG - POST to endpoint: friendships/create/2031178858/ returned response: <Response [200]>
2021-11-05 17:47:02,133 - instabot version: 0.117.0 (bot_follow) - INFO - Followed `user_id` 2031178858.
2021-11-05 17:47:06,243 - instabot version: 0.117.0 (api) - DEBUG - GET to endpoint: users/49818294203/info/ returned response: <Response [200]>
2021-11-05 17:47:06,851 - instabot version: 0.117.0 (api) - DEBUG - GET to endpoint: friendships/49818294203/following/?max_id=&ig_sig_key_version=4&rank_token=49818294203_5c89d2b3-dc88-4f42-aa11-ff43b48abab0 returned response: <Response [200]>
2021-11-05 17:47:06,853 - instabot version: 0.117.0 (bot_follow) - INFO - Going to follow `user_id` 2031178858.
2021-11-05 17:50:27,138 - instabot version: 0.117.0 (api) - DEBUG - post data: {"user_id": "2031178858", "radio_type": "wifi-none", "device_id": "android-0408bc8cf7269a3e", "_uuid": "5c89d2b3-dc88-4f42-aa11-ff43b48abab0", "_uid": "49818294203", "_csrftoken": "G1kjFlBRRXUgK4Z3831fb1J0uzFKaEyF"}
2021-11-05 17:50:28,433 - instabot version: 0.117.0 (api) - DEBUG - POST to endpoint: friendships/create/2031178858/ returned response: <Response [200]>
2021-11-05 17:50:28,433 - instabot version: 0.117.0 (bot_follow) - INFO - Followed `user_id` 2031178858.
2021-11-05 17:50:28,435 - instabot version: 0.117.0 (bot_follow) - INFO - Going to follow `user_id` 20404812708.
2021-11-05 17:54:55,764 - instabot version: 0.117.0 (api) - DEBUG - post data: {"user_id": "20404812708", "radio_type": "wifi-none", "device_id": "android-0408bc8cf7269a3e", "_uuid": "5c89d2b3-dc88-4f42-aa11-ff43b48abab0", "_uid": "49818294203", "_csrftoken": "G1kjFlBRRXUgK4Z3831fb1J0uzFKaEyF"}
2021-11-05 17:54:58,502 - instabot version: 0.117.0 (api) - DEBUG - POST to endpoint: friendships/create/20404812708/ returned response: <Response [200]>
2021-11-05 17:54:58,503 - instabot version: 0.117.0 (bot_follow) - INFO - Followed `user_id` 20404812708.
2021-11-05 17:54:58,503 - instabot version: 0.117.0 (bot_follow) - INFO - Going to follow `user_id` 2031178858.
2021-11-05 17:58:04,825 - instabot version: 0.117.0 (api) - DEBUG - post data: {"user_id": "2031178858", "radio_type": "wifi-none", "device_id": "android-0408bc8cf7269a3e", "_uuid": "5c89d2b3-dc88-4f42-aa11-ff43b48abab0", "_uid": "49818294203", "_csrftoken": "G1kjFlBRRXUgK4Z3831fb1J0uzFKaEyF"}
2021-11-05 17:58:09,286 - instabot version: 0.117.0 (api) - DEBUG - POST to endpoint: friendships/create/2031178858/ returned response: <Response [200]>
2021-11-05 17:58:09,286 - instabot version: 0.117.0 (bot_follow) - INFO - Followed `user_id` 2031178858.
2021-11-05 17:58:09,289 - instabot version: 0.117.0 (bot_follow) - INFO - Going to follow `user_id` 2031178858.
2021-11-05 18:02:42,463 - instabot version: 0.117.0 (api) - DEBUG - post data: {"user_id": "2031178858", "radio_type": "wifi-none", "device_id": "android-0408bc8cf7269a3e", "_uuid": "5c89d2b3-dc88-4f42-aa11-ff43b48abab0", "_uid": "49818294203", "_csrftoken": "G1kjFlBRRXUgK4Z3831fb1J0uzFKaEyF"}
2021-11-05 18:02:43,013 - instabot version: 0.117.0 (api) - DEBUG - POST to endpoint: friendships/create/2031178858/ returned response: <Response [200]>
2021-11-05 18:02:43,013 - instabot version: 0.117.0 (bot_follow) - INFO - Followed `user_id` 2031178858.
2021-11-05 18:02:43,013 - instabot version: 0.117.0 (bot_follow) - INFO - Going to follow `user_id` 2031178858.
2021-11-05 18:05:12,743 - instabot version: 0.117.0 (api) - DEBUG - post data: {"user_id": "2031178858", "radio_type": "wifi-none", "device_id": "android-0408bc8cf7269a3e", "_uuid": "5c89d2b3-dc88-4f42-aa11-ff43b48abab0", "_uid": "49818294203", "_csrftoken": "G1kjFlBRRXUgK4Z3831fb1J0uzFKaEyF"}
2021-11-05 18:05:13,332 - instabot version: 0.117.0 (api) - DEBUG - POST to endpoint: friendships/create/2031178858/ returned response: <Response [200]>
2021-11-05 18:05:13,332 - instabot version: 0.117.0 (bot_follow) - INFO - Followed `user_id` 2031178858.
2021-11-05 18:05:13,334 - instabot version: 0.117.0 (bot_follow) - INFO - Going to follow `user_id` 2031178858.
2021-11-05 18:07:18,526 - instabot version: 0.117.0 (api) - DEBUG - post data: {"user_id": "2031178858", "radio_type": "wifi-none", "device_id": "android-0408bc8cf7269a3e", "_uuid": "5c89d2b3-dc88-4f42-aa11-ff43b48abab0", "_uid": "49818294203", "_csrftoken": "G1kjFlBRRXUgK4Z3831fb1J0uzFKaEyF"}
2021-11-05 18:07:19,492 - instabot version: 0.117.0 (api) - DEBUG - POST to endpoint: friendships/create/2031178858/ returned response: <Response [200]>
2021-11-05 18:07:19,492 - instabot version: 0.117.0 (bot_follow) - INFO - Followed `user_id` 2031178858.
2021-11-05 18:07:19,493 - instabot version: 0.117.0 (bot_follow) - INFO - Going to follow `user_id` 2031178858.
2021-11-05 18:13:53,409 - instabot version: 0.117.0 (api) - DEBUG - post data: {"user_id": "2031178858", "radio_type": "wifi-none", "device_id": "android-0408bc8cf7269a3e", "_uuid": "5c89d2b3-dc88-4f42-aa11-ff43b48abab0", "_uid": "49818294203", "_csrftoken": "G1kjFlBRRXUgK4Z3831fb1J0uzFKaEyF"}
2021-11-05 18:13:54,144 - instabot version: 0.117.0 (api) - DEBUG - POST to endpoint: friendships/create/2031178858/ returned response: <Response [200]>
2021-11-05 18:13:54,144 - instabot version: 0.117.0 (bot_follow) - INFO - Followed `user_id` 2031178858.
2021-11-05 18:13:54,147 - instabot version: 0.117.0 (bot_follow) - INFO - Going to follow `user_id` 4258766699.
2021-11-05 18:18:15,420 - instabot version: 0.117.0 (api) - DEBUG - post data: {"user_id": "4258766699", "radio_type": "wifi-none", "device_id": "android-0408bc8cf7269a3e", "_uuid": "5c89d2b3-dc88-4f42-aa11-ff43b48abab0", "_uid": "49818294203", "_csrftoken": "G1kjFlBRRXUgK4Z3831fb1J0uzFKaEyF"}
2021-11-05 18:18:16,509 - instabot version: 0.117.0 (api) - DEBUG - POST to endpoint: friendships/create/4258766699/ returned response: <Response [200]>
2021-11-05 18:18:16,510 - instabot version: 0.117.0 (bot_follow) - INFO - Followed `user_id` 4258766699.
2021-11-05 18:18:16,513 - instabot version: 0.117.0 (bot_follow) - INFO - Going to follow `user_id` 2031178858.
2021-11-05 18:23:12,649 - instabot version: 0.117.0 (api) - DEBUG - post data: {"user_id": "2031178858", "radio_type": "wifi-none", "device_id": "android-0408bc8cf7269a3e", "_uuid": "5c89d2b3-dc88-4f42-aa11-ff43b48abab0", "_uid": "49818294203", "_csrftoken": "G1kjFlBRRXUgK4Z3831fb1J0uzFKaEyF"}
2021-11-05 18:23:13,463 - instabot version: 0.117.0 (api) - DEBUG - POST to endpoint: friendships/create/2031178858/ returned response: <Response [200]>
2021-11-05 18:23:13,463 - instabot version: 0.117.0 (bot_follow) - INFO - Followed `user_id` 2031178858.
2021-11-05 18:23:13,466 - instabot version: 0.117.0 (bot_follow) - INFO - Going to follow `user_id` 2031178858.
2021-11-05 18:27:22,029 - instabot version: 0.117.0 (api) - DEBUG - post data: {"user_id": "2031178858", "radio_type": "wifi-none", "device_id": "android-0408bc8cf7269a3e", "_uuid": "5c89d2b3-dc88-4f42-aa11-ff43b48abab0", "_uid": "49818294203", "_csrftoken": "G1kjFlBRRXUgK4Z3831fb1J0uzFKaEyF"}
2021-11-05 18:27:22,913 - instabot version: 0.117.0 (api) - DEBUG - POST to endpoint: friendships/create/2031178858/ returned response: <Response [200]>
2021-11-05 18:27:22,913 - instabot version: 0.117.0 (bot_follow) - INFO - Followed `user_id` 2031178858.
2021-11-05 18:27:22,915 - instabot version: 0.117.0 (bot_follow) - INFO - Going to follow `user_id` 2031178858.
2021-11-05 18:29:03,883 - instabot version: 0.117.0 (api) - DEBUG - post data: {"user_id": "2031178858", "radio_type": "wifi-none", "device_id": "android-0408bc8cf7269a3e", "_uuid": "5c89d2b3-dc88-4f42-aa11-ff43b48abab0", "_uid": "49818294203", "_csrftoken": "G1kjFlBRRXUgK4Z3831fb1J0uzFKaEyF"}
2021-11-05 18:29:04,684 - instabot version: 0.117.0 (api) - DEBUG - POST to endpoint: friendships/create/2031178858/ returned response: <Response [200]>
2021-11-05 18:29:04,684 - instabot version: 0.117.0 (bot_follow) - INFO - Followed `user_id` 2031178858.
2021-11-05 18:29:04,687 - instabot version: 0.117.0 (bot_follow) - INFO - Going to follow `user_id` 2031178858.
2021-11-05 18:32:24,192 - instabot version: 0.117.0 (api) - DEBUG - post data: {"user_id": "2031178858", "radio_type": "wifi-none", "device_id": "android-0408bc8cf7269a3e", "_uuid": "5c89d2b3-dc88-4f42-aa11-ff43b48abab0", "_uid": "49818294203", "_csrftoken": "G1kjFlBRRXUgK4Z3831fb1J0uzFKaEyF"}
2021-11-05 18:32:26,407 - instabot version: 0.117.0 (api) - DEBUG - POST to endpoint: friendships/create/2031178858/ returned response: <Response [200]>
2021-11-05 18:32:26,407 - instabot version: 0.117.0 (bot_follow) - INFO - Followed `user_id` 2031178858.
2021-11-05 18:32:26,408 - instabot version: 0.117.0 (bot_follow) - INFO - Going to follow `user_id` 2031178858.
2021-11-05 18:37:50,326 - instabot version: 0.117.0 (api) - DEBUG - post data: {"user_id": "2031178858", "radio_type": "wifi-none", "device_id": "android-0408bc8cf7269a3e", "_uuid": "5c89d2b3-dc88-4f42-aa11-ff43b48abab0", "_uid": "49818294203", "_csrftoken": "G1kjFlBRRXUgK4Z3831fb1J0uzFKaEyF"}
2021-11-05 18:37:50,698 - instabot version: 0.117.0 (api) - DEBUG - POST to endpoint: friendships/create/2031178858/ returned response: <Response [200]>
2021-11-05 18:37:50,698 - instabot version: 0.117.0 (bot_follow) - INFO - Followed `user_id` 2031178858.
2021-11-05 18:37:50,699 - instabot version: 0.117.0 (bot_follow) - INFO - Going to follow `user_id` 2031178858.
2021-11-05 18:45:50,717 - instabot version: 0.117.0 (api) - DEBUG - post data: {"user_id": "2031178858", "radio_type": "wifi-none", "device_id": "android-0408bc8cf7269a3e", "_uuid": "5c89d2b3-dc88-4f42-aa11-ff43b48abab0", "_uid": "49818294203", "_csrftoken": "G1kjFlBRRXUgK4Z3831fb1J0uzFKaEyF"}
2021-11-05 18:45:51,688 - instabot version: 0.117.0 (api) - DEBUG - POST to endpoint: friendships/create/2031178858/ returned response: <Response [200]>
2021-11-05 18:45:51,688 - instabot version: 0.117.0 (bot_follow) - INFO - Followed `user_id` 2031178858.
2021-11-05 18:45:51,691 - instabot version: 0.117.0 (bot_follow) - INFO - Going to follow `user_id` 2031178858.
2021-11-05 18:54:05,270 - instabot version: 0.117.0 (api) - DEBUG - post data: {"user_id": "2031178858", "radio_type": "wifi-none", "device_id": "android-0408bc8cf7269a3e", "_uuid": "5c89d2b3-dc88-4f42-aa11-ff43b48abab0", "_uid": "49818294203", "_csrftoken": "G1kjFlBRRXUgK4Z3831fb1J0uzFKaEyF"}
2021-11-05 18:54:05,852 - instabot version: 0.117.0 (api) - DEBUG - POST to endpoint: friendships/create/2031178858/ returned response: <Response [200]>
2021-11-05 18:54:05,852 - instabot version: 0.117.0 (bot_follow) - INFO - Followed `user_id` 2031178858.
2021-11-05 18:54:05,854 - instabot version: 0.117.0 (bot_follow) - INFO - Going to follow `user_id` 2031178858.
2021-11-05 19:01:51,072 - instabot version: 0.117.0 (api) - DEBUG - post data: {"user_id": "2031178858", "radio_type": "wifi-none", "device_id": "android-0408bc8cf7269a3e", "_uuid": "5c89d2b3-dc88-4f42-aa11-ff43b48abab0", "_uid": "49818294203", "_csrftoken": "G1kjFlBRRXUgK4Z3831fb1J0uzFKaEyF"}
2021-11-05 19:01:51,984 - instabot version: 0.117.0 (api) - DEBUG - POST to endpoint: friendships/create/2031178858/ returned response: <Response [200]>
2021-11-05 19:01:51,984 - instabot version: 0.117.0 (bot_follow) - INFO - Followed `user_id` 2031178858.
2021-11-05 19:01:51,987 - instabot version: 0.117.0 (bot_follow) - INFO - Going to follow `user_id` 4258766699.
2021-11-05 19:07:53,328 - instabot version: 0.117.0 (api) - DEBUG - post data: {"user_id": "4258766699", "radio_type": "wifi-none", "device_id": "android-0408bc8cf7269a3e", "_uuid": "5c89d2b3-dc88-4f42-aa11-ff43b48abab0", "_uid": "49818294203", "_csrftoken": "G1kjFlBRRXUgK4Z3831fb1J0uzFKaEyF"}
2021-11-05 19:07:53,865 - instabot version: 0.117.0 (api) - DEBUG - POST to endpoint: friendships/create/4258766699/ returned response: <Response [200]>
2021-11-05 19:07:53,865 - instabot version: 0.117.0 (bot_follow) - INFO - Followed `user_id` 4258766699.
2021-11-05 19:07:53,867 - instabot version: 0.117.0 (bot_follow) - INFO - Going to follow `user_id` 2031178858.
2021-11-05 19:11:36,047 - instabot version: 0.117.0 (api) - DEBUG - post data: {"user_id": "2031178858", "radio_type": "wifi-none", "device_id": "android-0408bc8cf7269a3e", "_uuid": "5c89d2b3-dc88-4f42-aa11-ff43b48abab0", "_uid": "49818294203", "_csrftoken": "G1kjFlBRRXUgK4Z3831fb1J0uzFKaEyF"}
2021-11-05 19:11:37,916 - instabot version: 0.117.0 (api) - DEBUG - POST to endpoint: friendships/create/2031178858/ returned response: <Response [200]>
2021-11-05 19:11:37,916 - instabot version: 0.117.0 (bot_follow) - INFO - Followed `user_id` 2031178858.
2021-11-05 19:11:37,917 - instabot version: 0.117.0 (bot_follow) - INFO - Going to follow `user_id` 2031178858.
2021-11-05 19:17:40,598 - instabot version: 0.117.0 (api) - DEBUG - post data: {"user_id": "2031178858", "radio_type": "wifi-none", "device_id": "android-0408bc8cf7269a3e", "_uuid": "5c89d2b3-dc88-4f42-aa11-ff43b48abab0", "_uid": "49818294203", "_csrftoken": "G1kjFlBRRXUgK4Z3831fb1J0uzFKaEyF"}
2021-11-05 19:17:41,240 - instabot version: 0.117.0 (api) - DEBUG - POST to endpoint: friendships/create/2031178858/ returned response: <Response [200]>
2021-11-05 19:17:41,240 - instabot version: 0.117.0 (bot_follow) - INFO - Followed `user_id` 2031178858.
2021-11-05 19:17:41,243 - instabot version: 0.117.0 (bot_follow) - INFO - Going to follow `user_id` 2031178858.
2021-11-05 19:23:47,680 - instabot version: 0.117.0 (api) - DEBUG - post data: {"user_id": "2031178858", "radio_type": "wifi-none", "device_id": "android-0408bc8cf7269a3e", "_uuid": "5c89d2b3-dc88-4f42-aa11-ff43b48abab0", "_uid": "49818294203", "_csrftoken": "G1kjFlBRRXUgK4Z3831fb1J0uzFKaEyF"}
2021-11-05 19:23:48,233 - instabot version: 0.117.0 (api) - DEBUG - POST to endpoint: friendships/create/2031178858/ returned response: <Response [200]>
2021-11-05 19:23:48,233 - instabot version: 0.117.0 (bot_follow) - INFO - Followed `user_id` 2031178858.
2021-11-05 19:23:48,235 - instabot version: 0.117.0 (bot_follow) - INFO - Going to follow `user_id` 2031178858.
2021-11-05 19:28:37,805 - instabot version: 0.117.0 (api) - DEBUG - post data: {"user_id": "2031178858", "radio_type": "wifi-none", "device_id": "android-0408bc8cf7269a3e", "_uuid": "5c89d2b3-dc88-4f42-aa11-ff43b48abab0", "_uid": "49818294203", "_csrftoken": "G1kjFlBRRXUgK4Z3831fb1J0uzFKaEyF"}
2021-11-05 19:28:38,437 - instabot version: 0.117.0 (api) - DEBUG - POST to endpoint: friendships/create/2031178858/ returned response: <Response [200]>
2021-11-05 19:28:38,437 - instabot version: 0.117.0 (bot_follow) - INFO - Followed `user_id` 2031178858.
2021-11-05 19:28:38,439 - instabot version: 0.117.0 (bot_follow) - INFO - Going to follow `user_id` 2031178858.
2021-11-05 19:36:48,609 - instabot version: 0.117.0 (api) - DEBUG - post data: {"user_id": "2031178858", "radio_type": "wifi-none", "device_id": "android-0408bc8cf7269a3e", "_uuid": "5c89d2b3-dc88-4f42-aa11-ff43b48abab0", "_uid": "49818294203", "_csrftoken": "G1kjFlBRRXUgK4Z3831fb1J0uzFKaEyF"}
2021-11-05 19:36:49,145 - instabot version: 0.117.0 (api) - DEBUG - POST to endpoint: friendships/create/2031178858/ returned response: <Response [200]>
2021-11-05 19:36:49,145 - instabot version: 0.117.0 (bot_follow) - INFO - Followed `user_id` 2031178858.
2021-11-05 19:36:49,148 - instabot version: 0.117.0 (bot_follow) - INFO - Going to follow `user_id` 2031178858.
2021-11-05 19:39:31,304 - instabot version: 0.117.0 (api) - DEBUG - post data: {"user_id": "2031178858", "radio_type": "wifi-none", "device_id": "android-0408bc8cf7269a3e", "_uuid": "5c89d2b3-dc88-4f42-aa11-ff43b48abab0", "_uid": "49818294203", "_csrftoken": "G1kjFlBRRXUgK4Z3831fb1J0uzFKaEyF"}
2021-11-05 19:39:31,771 - instabot version: 0.117.0 (api) - DEBUG - POST to endpoint: friendships/create/2031178858/ returned response: <Response [200]>
2021-11-05 19:39:31,771 - instabot version: 0.117.0 (bot_follow) - INFO - Followed `user_id` 2031178858.
2021-11-05 19:39:31,778 - instabot version: 0.117.0 (bot_follow) - INFO - Going to follow `user_id` 2031178858.
2021-11-05 19:45:55,900 - instabot version: 0.117.0 (api) - DEBUG - post data: {"user_id": "2031178858", "radio_type": "wifi-none", "device_id": "android-0408bc8cf7269a3e", "_uuid": "5c89d2b3-dc88-4f42-aa11-ff43b48abab0", "_uid": "49818294203", "_csrftoken": "G1kjFlBRRXUgK4Z3831fb1J0uzFKaEyF"}
2021-11-05 19:45:56,401 - instabot version: 0.117.0 (api) - DEBUG - POST to endpoint: friendships/create/2031178858/ returned response: <Response [200]>
2021-11-05 19:45:56,401 - instabot version: 0.117.0 (bot_follow) - INFO - Followed `user_id` 2031178858.
2021-11-05 19:45:56,403 - instabot version: 0.117.0 (bot_follow) - INFO - Going to follow `user_id` 2031178858.
2021-11-05 19:52:05,666 - instabot version: 0.117.0 (api) - DEBUG - post data: {"user_id": "2031178858", "radio_type": "wifi-none", "device_id": "android-0408bc8cf7269a3e", "_uuid": "5c89d2b3-dc88-4f42-aa11-ff43b48abab0", "_uid": "49818294203", "_csrftoken": "G1kjFlBRRXUgK4Z3831fb1J0uzFKaEyF"}
2021-11-05 19:52:06,478 - instabot version: 0.117.0 (api) - DEBUG - POST to endpoint: friendships/create/2031178858/ returned response: <Response [200]>
2021-11-05 19:52:06,478 - instabot version: 0.117.0 (bot_follow) - INFO - Followed `user_id` 2031178858.
2021-11-05 19:52:07,502 - instabot version: 0.117.0 (api) - DEBUG - GET to endpoint: users/49818294203/info/ returned response: <Response [200]>
2021-11-05 19:52:07,960 - instabot version: 0.117.0 (api) - DEBUG - GET to endpoint: friendships/49818294203/following/?max_id=&ig_sig_key_version=4&rank_token=49818294203_5c89d2b3-dc88-4f42-aa11-ff43b48abab0 returned response: <Response [200]>
2021-11-05 19:52:07,961 - instabot version: 0.117.0 (bot_follow) - INFO - Going to follow `user_id` 2031178858.
2021-11-05 19:56:04,125 - instabot version: 0.117.0 (api) - DEBUG - post data: {"user_id": "2031178858", "radio_type": "wifi-none", "device_id": "android-0408bc8cf7269a3e", "_uuid": "5c89d2b3-dc88-4f42-aa11-ff43b48abab0", "_uid": "49818294203", "_csrftoken": "G1kjFlBRRXUgK4Z3831fb1J0uzFKaEyF"}
2021-11-05 19:56:04,663 - instabot version: 0.117.0 (api) - DEBUG - POST to endpoint: friendships/create/2031178858/ returned response: <Response [200]>
2021-11-05 19:56:04,663 - instabot version: 0.117.0 (bot_follow) - INFO - Followed `user_id` 2031178858.
2021-11-05 19:56:07,740 - instabot version: 0.117.0 (api) - DEBUG - GET to endpoint: feed/tag/pfeyferinteriors/?max_id=&rank_token=49818294203_5c89d2b3-dc88-4f42-aa11-ff43b48abab0&ranked_content=true& returned response: <Response [200]>
2021-11-05 19:56:07,745 - instabot version: 0.117.0 (bot_follow) - INFO - Going to follow `user_id` 2031178858.
2021-11-05 20:01:50,604 - instabot version: 0.117.0 (api) - DEBUG - post data: {"user_id": "2031178858", "radio_type": "wifi-none", "device_id": "android-0408bc8cf7269a3e", "_uuid": "5c89d2b3-dc88-4f42-aa11-ff43b48abab0", "_uid": "49818294203", "_csrftoken": "G1kjFlBRRXUgK4Z3831fb1J0uzFKaEyF"}
2021-11-05 20:01:51,395 - instabot version: 0.117.0 (api) - DEBUG - POST to endpoint: friendships/create/2031178858/ returned response: <Response [200]>
2021-11-05 20:01:51,395 - instabot version: 0.117.0 (bot_follow) - INFO - Followed `user_id` 2031178858.
2021-11-05 20:01:51,397 - instabot version: 0.117.0 (bot_follow) - INFO - Going to follow `user_id` 2031178858.
2021-11-05 20:04:14,980 - instabot version: 0.117.0 (api) - DEBUG - post data: {"user_id": "2031178858", "radio_type": "wifi-none", "device_id": "android-0408bc8cf7269a3e", "_uuid": "5c89d2b3-dc88-4f42-aa11-ff43b48abab0", "_uid": "49818294203", "_csrftoken": "G1kjFlBRRXUgK4Z3831fb1J0uzFKaEyF"}
2021-11-05 20:04:15,574 - instabot version: 0.117.0 (api) - DEBUG - POST to endpoint: friendships/create/2031178858/ returned response: <Response [200]>
2021-11-05 20:04:15,575 - instabot version: 0.117.0 (bot_follow) - INFO - Followed `user_id` 2031178858.
2021-11-05 20:04:15,575 - instabot version: 0.117.0 (bot_follow) - INFO - Going to follow `user_id` 20404812708.
2021-11-05 20:06:57,295 - instabot version: 0.117.0 (api) - DEBUG - post data: {"user_id": "20404812708", "radio_type": "wifi-none", "device_id": "android-0408bc8cf7269a3e", "_uuid": "5c89d2b3-dc88-4f42-aa11-ff43b48abab0", "_uid": "49818294203", "_csrftoken": "G1kjFlBRRXUgK4Z3831fb1J0uzFKaEyF"}
2021-11-05 20:06:57,999 - instabot version: 0.117.0 (api) - DEBUG - POST to endpoint: friendships/create/20404812708/ returned response: <Response [200]>
2021-11-05 20:06:57,999 - instabot version: 0.117.0 (bot_follow) - INFO - Followed `user_id` 20404812708.
2021-11-05 20:06:58,000 - instabot version: 0.117.0 (bot_follow) - INFO - Going to follow `user_id` 2031178858.
2021-11-05 20:09:33,667 - instabot version: 0.117.0 (api) - DEBUG - post data: {"user_id": "2031178858", "radio_type": "wifi-none", "device_id": "android-0408bc8cf7269a3e", "_uuid": "5c89d2b3-dc88-4f42-aa11-ff43b48abab0", "_uid": "49818294203", "_csrftoken": "G1kjFlBRRXUgK4Z3831fb1J0uzFKaEyF"}
2021-11-05 20:09:34,441 - instabot version: 0.117.0 (api) - DEBUG - POST to endpoint: friendships/create/2031178858/ returned response: <Response [200]>
2021-11-05 20:09:34,441 - instabot version: 0.117.0 (bot_follow) - INFO - Followed `user_id` 2031178858.
2021-11-05 20:09:34,444 - instabot version: 0.117.0 (bot_follow) - INFO - Going to follow `user_id` 2031178858.
2021-11-05 20:12:47,534 - instabot version: 0.117.0 (api) - DEBUG - post data: {"user_id": "2031178858", "radio_type": "wifi-none", "device_id": "android-0408bc8cf7269a3e", "_uuid": "5c89d2b3-dc88-4f42-aa11-ff43b48abab0", "_uid": "49818294203", "_csrftoken": "G1kjFlBRRXUgK4Z3831fb1J0uzFKaEyF"}
2021-11-05 20:12:48,184 - instabot version: 0.117.0 (api) - DEBUG - POST to endpoint: friendships/create/2031178858/ returned response: <Response [200]>
2021-11-05 20:12:48,185 - instabot version: 0.117.0 (bot_follow) - INFO - Followed `user_id` 2031178858.
2021-11-05 20:12:48,185 - instabot version: 0.117.0 (bot_follow) - INFO - Going to follow `user_id` 2031178858.
2021-11-05 20:20:59,325 - instabot version: 0.117.0 (api) - DEBUG - post data: {"user_id": "2031178858", "radio_type": "wifi-none", "device_id": "android-0408bc8cf7269a3e", "_uuid": "5c89d2b3-dc88-4f42-aa11-ff43b48abab0", "_uid": "49818294203", "_csrftoken": "G1kjFlBRRXUgK4Z3831fb1J0uzFKaEyF"}
2021-11-05 20:21:01,041 - instabot version: 0.117.0 (api) - DEBUG - POST to endpoint: friendships/create/2031178858/ returned response: <Response [200]>
2021-11-05 20:21:01,042 - instabot version: 0.117.0 (bot_follow) - INFO - Followed `user_id` 2031178858.
2021-11-05 20:21:01,043 - instabot version: 0.117.0 (bot_follow) - INFO - Going to follow `user_id` 2031178858.
2021-11-05 20:24:22,490 - instabot version: 0.117.0 (api) - DEBUG - post data: {"user_id": "2031178858", "radio_type": "wifi-none", "device_id": "android-0408bc8cf7269a3e", "_uuid": "5c89d2b3-dc88-4f42-aa11-ff43b48abab0", "_uid": "49818294203", "_csrftoken": "G1kjFlBRRXUgK4Z3831fb1J0uzFKaEyF"}
2021-11-05 20:24:23,282 - instabot version: 0.117.0 (api) - DEBUG - POST to endpoint: friendships/create/2031178858/ returned response: <Response [200]>
2021-11-05 20:24:23,282 - instabot version: 0.117.0 (bot_follow) - INFO - Followed `user_id` 2031178858.
2021-11-05 20:24:23,283 - instabot version: 0.117.0 (bot_follow) - INFO - Going to follow `user_id` 2031178858.
2021-11-05 20:28:41,743 - instabot version: 0.117.0 (api) - DEBUG - post data: {"user_id": "2031178858", "radio_type": "wifi-none", "device_id": "android-0408bc8cf7269a3e", "_uuid": "5c89d2b3-dc88-4f42-aa11-ff43b48abab0", "_uid": "49818294203", "_csrftoken": "G1kjFlBRRXUgK4Z3831fb1J0uzFKaEyF"}
2021-11-05 20:28:42,371 - instabot version: 0.117.0 (api) - DEBUG - POST to endpoint: friendships/create/2031178858/ returned response: <Response [200]>
2021-11-05 20:28:42,371 - instabot version: 0.117.0 (bot_follow) - INFO - Followed `user_id` 2031178858.
2021-11-05 20:28:42,373 - instabot version: 0.117.0 (bot_follow) - INFO - Going to follow `user_id` 4258766699.
2021-11-05 20:35:04,460 - instabot version: 0.117.0 (api) - DEBUG - post data: {"user_id": "4258766699", "radio_type": "wifi-none", "device_id": "android-0408bc8cf7269a3e", "_uuid": "5c89d2b3-dc88-4f42-aa11-ff43b48abab0", "_uid": "49818294203", "_csrftoken": "G1kjFlBRRXUgK4Z3831fb1J0uzFKaEyF"}
2021-11-05 20:35:05,258 - instabot version: 0.117.0 (api) - DEBUG - POST to endpoint: friendships/create/4258766699/ returned response: <Response [200]>
2021-11-05 20:35:05,258 - instabot version: 0.117.0 (bot_follow) - INFO - Followed `user_id` 4258766699.
2021-11-05 20:35:05,259 - instabot version: 0.117.0 (bot_follow) - INFO - Going to follow `user_id` 2031178858.
2021-11-05 20:42:23,120 - instabot version: 0.117.0 (api) - DEBUG - post data: {"user_id": "2031178858", "radio_type": "wifi-none", "device_id": "android-0408bc8cf7269a3e", "_uuid": "5c89d2b3-dc88-4f42-aa11-ff43b48abab0", "_uid": "49818294203", "_csrftoken": "G1kjFlBRRXUgK4Z3831fb1J0uzFKaEyF"}
2021-11-05 20:42:23,736 - instabot version: 0.117.0 (api) - DEBUG - POST to endpoint: friendships/create/2031178858/ returned response: <Response [200]>
2021-11-05 20:42:23,737 - instabot version: 0.117.0 (bot_follow) - INFO - Followed `user_id` 2031178858.
2021-11-05 20:42:23,740 - instabot version: 0.117.0 (bot_follow) - INFO - Going to follow `user_id` 2031178858.
2021-11-05 21:11:13,385 - instabot version: 0.117.0 (api) - DEBUG - post data: {"user_id": "2031178858", "radio_type": "wifi-none", "device_id": "android-0408bc8cf7269a3e", "_uuid": "5c89d2b3-dc88-4f42-aa11-ff43b48abab0", "_uid": "49818294203", "_csrftoken": "G1kjFlBRRXUgK4Z3831fb1J0uzFKaEyF"}
2021-11-05 21:11:14,082 - instabot version: 0.117.0 (api) - DEBUG - POST to endpoint: friendships/create/2031178858/ returned response: <Response [200]>
2021-11-05 21:11:14,082 - instabot version: 0.117.0 (bot_follow) - INFO - Followed `user_id` 2031178858.
2021-11-05 21:11:14,083 - instabot version: 0.117.0 (bot_follow) - INFO - Going to follow `user_id` 2031178858.
2021-11-06 00:05:09,166 - instabot version: 0.117.0 (api) - DEBUG - post data: {"user_id": "2031178858", "radio_type": "wifi-none", "device_id": "android-0408bc8cf7269a3e", "_uuid": "5c89d2b3-dc88-4f42-aa11-ff43b48abab0", "_uid": "49818294203", "_csrftoken": "G1kjFlBRRXUgK4Z3831fb1J0uzFKaEyF"}
2021-11-06 00:05:09,961 - instabot version: 0.117.0 (api) - DEBUG - POST to endpoint: friendships/create/2031178858/ returned response: <Response [200]>
2021-11-06 00:05:09,961 - instabot version: 0.117.0 (bot_follow) - INFO - Followed `user_id` 2031178858.
2021-11-06 00:05:11,279 - instabot version: 0.117.0 (api) - DEBUG - GET to endpoint: users/49818294203/info/ returned response: <Response [200]>
2021-11-06 00:05:12,720 - instabot version: 0.117.0 (api) - DEBUG - GET to endpoint: friendships/49818294203/following/?max_id=&ig_sig_key_version=4&rank_token=49818294203_5c89d2b3-dc88-4f42-aa11-ff43b48abab0 returned response: <Response [200]>
2021-11-06 00:05:12,723 - instabot version: 0.117.0 (bot_follow) - INFO - Going to follow `user_id` 2031178858.
