2021-11-05 16:56:59,844 - instabot version: 0.117.0 (bot) - INFO - Instabot version: 0.117.0 Started
2021-11-05 16:56:59,844 - instabot version: 0.117.0 (bot) - DEBUG - Bot imported from /Library/Frameworks/Python.framework/Versions/3.9/lib/python3.9/site-packages/instabot/bot/bot.py
2021-11-05 16:56:59,845 - instabot version: 0.117.0 (api_login) - INFO - Not yet logged in starting: PRE-LOGIN FLOW!
2021-11-05 16:57:00,360 - instabot version: 0.117.0 (api) - DEBUG - POST to endpoint: accounts/get_prefill_candidates/ returned response: <Response [200]>
2021-11-05 16:57:00,975 - instabot version: 0.117.0 (api) - DEBUG - POST to endpoint: qe/sync/ returned response: <Response [200]>
2021-11-05 16:57:01,282 - instabot version: 0.117.0 (api) - DEBUG - POST to endpoint: launcher/sync/ returned response: <Response [200]>
2021-11-05 16:57:02,038 - instabot version: 0.117.0 (api) - DEBUG - POST to endpoint: accounts/contact_point_prefill/ returned response: <Response [200]>
2021-11-05 16:57:04,353 - instabot version: 0.117.0 (api) - DEBUG - POST to endpoint: accounts/login/ returned response: <Response [200]>
2021-11-05 16:57:04,353 - instabot version: 0.117.0 (api) - INFO - Logged-in successfully as 'giudoinstambot'!
2021-11-05 16:57:04,353 - instabot version: 0.117.0 (api_login) - INFO - LOGIN FLOW! Just logged-in: True
2021-11-05 16:57:04,734 - instabot version: 0.117.0 (api) - DEBUG - POST to endpoint: qe/sync/ returned response: <Response [200]>
2021-11-05 16:57:05,276 - instabot version: 0.117.0 (api) - DEBUG - POST to endpoint: launcher/sync/ returned response: <Response [200]>
2021-11-05 16:57:05,931 - instabot version: 0.117.0 (api) - DEBUG - GET to endpoint: zr/token/result/?device_id=android-0408bc8cf7269a3e&token_hash=&custom_device_id=android-0408bc8cf7269a3e&fetch_reason=token_expired returned response: <Response [200]>
2021-11-05 16:57:08,068 - instabot version: 0.117.0 (api) - DEBUG - GET to endpoint: multiple_accounts/get_account_family/ returned response: <Response [200]>
2021-11-05 16:57:08,655 - instabot version: 0.117.0 (api) - DEBUG - POST to endpoint: qe/sync/ returned response: <Response [200]>
2021-11-05 16:57:10,192 - instabot version: 0.117.0 (api) - DEBUG - GET to endpoint: igtv/browse_feed/?prefetch=1 returned response: <Response [200]>
2021-11-05 16:57:10,803 - instabot version: 0.117.0 (api) - DEBUG - POST to endpoint: creatives/ar_class/ returned response: <Response [200]>
2021-11-05 16:57:11,420 - instabot version: 0.117.0 (api) - DEBUG - POST to endpoint: feed/reels_tray/ returned response: <Response [200]>
2021-11-05 16:57:13,888 - instabot version: 0.117.0 (api) - DEBUG - POST to endpoint: feed/timeline/ returned response: <Response [200]>
2021-11-05 16:57:14,493 - instabot version: 0.117.0 (api) - DEBUG - GET to endpoint: media/blocked/ returned response: <Response [200]>
2021-11-05 16:57:15,721 - instabot version: 0.117.0 (api) - DEBUG - GET to endpoint: news/inbox/ returned response: <Response [200]>
2021-11-05 16:57:16,335 - instabot version: 0.117.0 (api) - DEBUG - GET to endpoint: loom/fetch_config/ returned response: <Response [200]>
2021-11-05 16:57:17,258 - instabot version: 0.117.0 (api) - DEBUG - GET to endpoint: scores/bootstrap/users/?surfaces=["autocomplete_user_list","coefficient_besties_list_ranking","coefficient_rank_recipient_user_suggestion","coefficient_ios_section_test_bootstrap_ranking","coefficient_direct_recipients_ranking_variant_2"] returned response: <Response [200]>
2021-11-05 16:57:17,645 - instabot version: 0.117.0 (api) - DEBUG - GET to endpoint: business/eligibility/get_monetization_products_eligibility_data/?product_types=branded_content returned response: <Response [200]>
2021-11-05 16:57:18,179 - instabot version: 0.117.0 (api) - DEBUG - GET to endpoint: business/branded_content/should_require_professional_account/ returned response: <Response [200]>
2021-11-05 16:57:18,823 - instabot version: 0.117.0 (api) - DEBUG - GET to endpoint: linked_accounts/get_linkage_status/ returned response: <Response [200]>
2021-11-05 16:57:20,330 - instabot version: 0.117.0 (api) - DEBUG - GET to endpoint: locations/request_country/ returned response: <Response [200]>
2021-11-05 16:57:20,944 - instabot version: 0.117.0 (api) - DEBUG - GET to endpoint: qp/get_cooldowns/?signed_body=signed_body=4b9c516a5410a3bc128e09c6104a7f042146b9c2023870560c63a43a7f66781c.4&ig_sig_key_version=4&ig_sig_key_version=4 returned response: <Response [200]>
2021-11-05 16:57:57,214 - instabot version: 0.117.0 (api) - DEBUG - GET to endpoint: users/arlink_download_info/?version_override=2.2.1 returned response: <Response [200]>
2021-11-05 16:57:57,660 - instabot version: 0.117.0 (api) - DEBUG - GET to endpoint: users/49818294203/info/ returned response: <Response [200]>
2021-11-05 16:57:58,422 - instabot version: 0.117.0 (api) - DEBUG - GET to endpoint: direct_v2/get_presence/ returned response: <Response [200]>
2021-11-05 16:57:59,344 - instabot version: 0.117.0 (api) - DEBUG - GET to endpoint: direct_v2/inbox/?visual_message_return_type=unseen&thread_message_limit=10&persistentBadging=true&limit=20 returned response: <Response [200]>
2021-11-05 16:57:59,957 - instabot version: 0.117.0 (api) - DEBUG - GET to endpoint: direct_v2/inbox/?visual_message_return_type=unseen&persistentBadging=true&limit=0 returned response: <Response [200]>
2021-11-05 16:58:00,578 - instabot version: 0.117.0 (api) - DEBUG - GET to endpoint: discover/topical_explore/?is_prefetch=true&omit_cover_media=true&use_sectional_payload=true&timezone_offset=0&session_id=40da46ac-56fc-45bc-a4ff-af8d3d9310f7&include_fixed_destinations=true returned response: <Response [200]>
2021-11-05 16:58:01,188 - instabot version: 0.117.0 (api) - DEBUG - POST to endpoint: notifications/badge/ returned response: <Response [200]>
2021-11-05 16:58:01,802 - instabot version: 0.117.0 (api) - DEBUG - POST to endpoint: qp/batch_fetch/ returned response: <Response [200]>
2021-11-05 16:58:01,804 - instabot version: 0.117.0 (bot_checkpoint) - DEBUG - Loading Checkpoint file from: /Users/fabiodonello/Desktop/Esame OOP/InstgramBot_2/config/giudoinstambot.checkpoint
2021-11-05 16:59:10,205 - instabot version: 0.117.0 (api) - DEBUG - GET to endpoint: feed/tag/mhytv/?max_id=&rank_token=49818294203_ab022913-152a-45af-85ae-7e31e1b5779e&ranked_content=true& returned response: <Response [200]>
2021-11-05 16:59:11,230 - instabot version: 0.117.0 (api) - DEBUG - GET to endpoint: users/48573109498/info/ returned response: <Response [200]>
2021-11-05 16:59:11,230 - instabot version: 0.117.0 (bot_follow) - INFO - Going to follow `user_id` 48573109498.
2021-11-05 16:59:11,230 - instabot version: 0.117.0 (api) - DEBUG - post data: {"user_id": "48573109498", "radio_type": "wifi-none", "device_id": "android-0408bc8cf7269a3e", "_uuid": "ab022913-152a-45af-85ae-7e31e1b5779e", "_uid": "49818294203", "_csrftoken": "cm6xi4aMfRxgfylW57TcCPVVML6YiK4U"}
2021-11-05 16:59:13,073 - instabot version: 0.117.0 (api) - DEBUG - POST to endpoint: friendships/create/48573109498/ returned response: <Response [200]>
2021-11-05 16:59:13,073 - instabot version: 0.117.0 (bot_follow) - INFO - Followed `user_id` 48573109498.
2021-11-05 16:59:15,530 - instabot version: 0.117.0 (api) - DEBUG - GET to endpoint: users/49818294203/info/ returned response: <Response [200]>
2021-11-05 16:59:16,165 - instabot version: 0.117.0 (api) - DEBUG - GET to endpoint: friendships/49818294203/following/?max_id=&ig_sig_key_version=4&rank_token=49818294203_ab022913-152a-45af-85ae-7e31e1b5779e returned response: <Response [200]>
2021-11-05 16:59:17,075 - instabot version: 0.117.0 (api) - DEBUG - GET to endpoint: users/1179361850/info/ returned response: <Response [200]>
2021-11-05 16:59:17,076 - instabot version: 0.117.0 (bot_follow) - INFO - Going to follow `user_id` 1179361850.
2021-11-05 17:03:20,574 - instabot version: 0.117.0 (api) - DEBUG - post data: {"user_id": "1179361850", "radio_type": "wifi-none", "device_id": "android-0408bc8cf7269a3e", "_uuid": "ab022913-152a-45af-85ae-7e31e1b5779e", "_uid": "49818294203", "_csrftoken": "cm6xi4aMfRxgfylW57TcCPVVML6YiK4U"}
2021-11-05 17:03:21,907 - instabot version: 0.117.0 (api) - DEBUG - POST to endpoint: friendships/create/1179361850/ returned response: <Response [200]>
2021-11-05 17:03:21,907 - instabot version: 0.117.0 (bot_follow) - INFO - Followed `user_id` 1179361850.
2021-11-05 17:03:21,908 - instabot version: 0.117.0 (bot_follow) - INFO - Going to follow `user_id` 1179361850.
