2021-11-09 19:12:18,766 - instabot version: 0.117.0 (bot) - INFO - Instabot version: 0.117.0 Started
2021-11-09 19:12:18,767 - instabot version: 0.117.0 (bot) - DEBUG - Bot imported from /Library/Frameworks/Python.framework/Versions/3.9/lib/python3.9/site-packages/instabot/bot/bot.py
2021-11-09 19:12:18,767 - instabot version: 0.117.0 (api_login) - INFO - Not yet logged in starting: PRE-LOGIN FLOW!
2021-11-09 19:12:19,483 - instabot version: 0.117.0 (api) - DEBUG - POST to endpoint: accounts/get_prefill_candidates/ returned response: <Response [429]>
2021-11-09 19:12:19,483 - instabot version: 0.117.0 (api) - DEBUG - Responsecode indicates error; response content: b'{"message":"Please wait a few minutes before you try again.","status":"fail"}'
2021-11-09 19:12:19,483 - instabot version: 0.117.0 (api) - ERROR - Request returns 429 error!
2021-11-09 19:12:19,484 - instabot version: 0.117.0 (api) - WARNING - That means 'too many requests'. I'll go to sleep for 5 minutes.
2021-11-09 19:17:20,022 - instabot version: 0.117.0 (api) - DEBUG - POST to endpoint: accounts/get_prefill_candidates/ returned response: <Response [429]>
2021-11-09 19:17:20,023 - instabot version: 0.117.0 (api) - DEBUG - Responsecode indicates error; response content: b'{"message":"Please wait a few minutes before you try again.","status":"fail"}'
2021-11-09 19:17:20,023 - instabot version: 0.117.0 (api) - ERROR - Request returns 429 error!
2021-11-09 19:17:20,023 - instabot version: 0.117.0 (api) - WARNING - That means 'too many requests'. I'll go to sleep for 10 minutes.
2021-11-09 19:27:20,501 - instabot version: 0.117.0 (api) - DEBUG - POST to endpoint: accounts/get_prefill_candidates/ returned response: <Response [400]>
2021-11-09 19:27:20,501 - instabot version: 0.117.0 (api) - DEBUG - Responsecode indicates error; response content: b'{"message":"","status":"fail"}'
2021-11-09 19:27:20,501 - instabot version: 0.117.0 (api) - ERROR - Request returns 400 error!
2021-11-09 19:27:20,501 - instabot version: 0.117.0 (api) - INFO - Instagram's error message: 
2021-11-09 19:27:20,501 - instabot version: 0.117.0 (api) - INFO - Instagram's error message: {}
2021-11-09 19:27:20,737 - instabot version: 0.117.0 (api) - DEBUG - POST to endpoint: qe/sync/ returned response: <Response [200]>
2021-11-09 19:27:21,059 - instabot version: 0.117.0 (api) - DEBUG - POST to endpoint: launcher/sync/ returned response: <Response [200]>
2021-11-09 19:27:21,315 - instabot version: 0.117.0 (api) - DEBUG - POST to endpoint: accounts/contact_point_prefill/ returned response: <Response [200]>
2021-11-09 19:27:23,162 - instabot version: 0.117.0 (api) - DEBUG - POST to endpoint: accounts/login/ returned response: <Response [200]>
2021-11-09 19:27:23,165 - instabot version: 0.117.0 (api) - INFO - Logged-in successfully as 'giudoinstambot'!
2021-11-09 19:27:23,165 - instabot version: 0.117.0 (api_login) - INFO - LOGIN FLOW! Just logged-in: True
2021-11-09 19:27:23,577 - instabot version: 0.117.0 (api) - DEBUG - POST to endpoint: qe/sync/ returned response: <Response [200]>
2021-11-09 19:27:24,393 - instabot version: 0.117.0 (api) - DEBUG - POST to endpoint: launcher/sync/ returned response: <Response [200]>
2021-11-09 19:27:24,802 - instabot version: 0.117.0 (api) - DEBUG - GET to endpoint: zr/token/result/?device_id=android-0408bc8cf7269a3e&token_hash=&custom_device_id=android-0408bc8cf7269a3e&fetch_reason=token_expired returned response: <Response [200]>
2021-11-09 19:27:25,209 - instabot version: 0.117.0 (api) - DEBUG - GET to endpoint: multiple_accounts/get_account_family/ returned response: <Response [200]>
2021-11-09 19:27:25,621 - instabot version: 0.117.0 (api) - DEBUG - POST to endpoint: qe/sync/ returned response: <Response [200]>
2021-11-09 19:27:26,448 - instabot version: 0.117.0 (api) - DEBUG - GET to endpoint: igtv/browse_feed/?prefetch=1 returned response: <Response [200]>
2021-11-09 19:27:26,844 - instabot version: 0.117.0 (api) - DEBUG - POST to endpoint: creatives/ar_class/ returned response: <Response [200]>
2021-11-09 19:27:27,671 - instabot version: 0.117.0 (api) - DEBUG - POST to endpoint: feed/reels_tray/ returned response: <Response [200]>
2021-11-09 19:27:31,368 - instabot version: 0.117.0 (api) - DEBUG - POST to endpoint: feed/timeline/ returned response: <Response [200]>
2021-11-09 19:27:31,617 - instabot version: 0.117.0 (api) - DEBUG - GET to endpoint: media/blocked/ returned response: <Response [200]>
2021-11-09 19:27:32,381 - instabot version: 0.117.0 (api) - DEBUG - GET to endpoint: news/inbox/ returned response: <Response [200]>
2021-11-09 19:27:32,991 - instabot version: 0.117.0 (api) - DEBUG - GET to endpoint: loom/fetch_config/ returned response: <Response [200]>
2021-11-09 19:27:33,406 - instabot version: 0.117.0 (api) - DEBUG - GET to endpoint: scores/bootstrap/users/?surfaces=["autocomplete_user_list","coefficient_besties_list_ranking","coefficient_rank_recipient_user_suggestion","coefficient_ios_section_test_bootstrap_ranking","coefficient_direct_recipients_ranking_variant_2"] returned response: <Response [200]>
2021-11-09 19:27:33,808 - instabot version: 0.117.0 (api) - DEBUG - GET to endpoint: business/eligibility/get_monetization_products_eligibility_data/?product_types=branded_content returned response: <Response [200]>
2021-11-09 19:27:34,033 - instabot version: 0.117.0 (api) - DEBUG - GET to endpoint: business/branded_content/should_require_professional_account/ returned response: <Response [200]>
2021-11-09 19:27:34,428 - instabot version: 0.117.0 (api) - DEBUG - GET to endpoint: linked_accounts/get_linkage_status/ returned response: <Response [200]>
2021-11-09 19:27:35,681 - instabot version: 0.117.0 (api) - DEBUG - GET to endpoint: locations/request_country/ returned response: <Response [200]>
2021-11-09 19:27:36,011 - instabot version: 0.117.0 (api) - DEBUG - GET to endpoint: qp/get_cooldowns/?signed_body=signed_body=4b9c516a5410a3bc128e09c6104a7f042146b9c2023870560c63a43a7f66781c.4&ig_sig_key_version=4&ig_sig_key_version=4 returned response: <Response [200]>
2021-11-09 19:27:36,270 - instabot version: 0.117.0 (api) - DEBUG - GET to endpoint: users/arlink_download_info/?version_override=2.2.1 returned response: <Response [200]>
2021-11-09 19:27:36,678 - instabot version: 0.117.0 (api) - DEBUG - GET to endpoint: users/49818294203/info/ returned response: <Response [200]>
2021-11-09 19:27:38,019 - instabot version: 0.117.0 (api) - DEBUG - GET to endpoint: direct_v2/get_presence/ returned response: <Response [200]>
2021-11-09 19:27:38,523 - instabot version: 0.117.0 (api) - DEBUG - GET to endpoint: direct_v2/inbox/?visual_message_return_type=unseen&thread_message_limit=10&persistentBadging=true&limit=20 returned response: <Response [200]>
2021-11-09 19:27:38,936 - instabot version: 0.117.0 (api) - DEBUG - GET to endpoint: direct_v2/inbox/?visual_message_return_type=unseen&persistentBadging=true&limit=0 returned response: <Response [200]>
2021-11-09 19:27:39,429 - instabot version: 0.117.0 (api) - DEBUG - GET to endpoint: discover/topical_explore/?is_prefetch=true&omit_cover_media=true&use_sectional_payload=true&timezone_offset=0&session_id=df761970-9ae5-45b7-9e6c-b97c54659218&include_fixed_destinations=true returned response: <Response [200]>
2021-11-09 19:27:40,774 - instabot version: 0.117.0 (api) - DEBUG - POST to endpoint: notifications/badge/ returned response: <Response [200]>
2021-11-09 19:27:41,188 - instabot version: 0.117.0 (api) - DEBUG - POST to endpoint: qp/batch_fetch/ returned response: <Response [200]>
2021-11-09 19:27:41,193 - instabot version: 0.117.0 (bot_checkpoint) - DEBUG - Loading Checkpoint file from: /Users/fabiodonello/Desktop/Esame OOP/InstgramBot_2/config/giudoinstambot.checkpoint
2021-11-09 19:27:44,209 - instabot version: 0.117.0 (api_login) - DEBUG - Loading cookies
2021-11-09 19:27:47,214 - instabot version: 0.117.0 (api_login) - DEBUG - Loading cookies
2021-11-09 19:27:50,226 - instabot version: 0.117.0 (api_login) - DEBUG - Loading cookies
2021-11-09 19:27:53,232 - instabot version: 0.117.0 (api_login) - DEBUG - Loading cookies
2021-11-09 19:27:56,243 - instabot version: 0.117.0 (api_login) - DEBUG - Loading cookies
2021-11-09 19:27:59,251 - instabot version: 0.117.0 (api_login) - DEBUG - Loading cookies
2021-11-09 19:28:02,258 - instabot version: 0.117.0 (api_login) - DEBUG - Loading cookies
2021-11-09 19:28:05,260 - instabot version: 0.117.0 (api_login) - DEBUG - Loading cookies
2021-11-09 19:28:08,268 - instabot version: 0.117.0 (api_login) - DEBUG - Loading cookies
2021-11-09 19:28:11,277 - instabot version: 0.117.0 (api_login) - DEBUG - Loading cookies
2021-11-09 19:28:14,286 - instabot version: 0.117.0 (api_login) - DEBUG - Loading cookies
2021-11-09 19:28:17,294 - instabot version: 0.117.0 (api_login) - DEBUG - Loading cookies
2021-11-09 19:28:20,305 - instabot version: 0.117.0 (api_login) - DEBUG - Loading cookies
2021-11-09 19:28:23,311 - instabot version: 0.117.0 (api_login) - DEBUG - Loading cookies
2021-11-09 19:28:26,317 - instabot version: 0.117.0 (api_login) - DEBUG - Loading cookies
2021-11-09 19:28:29,321 - instabot version: 0.117.0 (api_login) - DEBUG - Loading cookies
2021-11-09 19:28:32,329 - instabot version: 0.117.0 (api_login) - DEBUG - Loading cookies
2021-11-09 19:28:35,339 - instabot version: 0.117.0 (api_login) - DEBUG - Loading cookies
2021-11-09 19:28:38,348 - instabot version: 0.117.0 (api_login) - DEBUG - Loading cookies
2021-11-09 19:28:41,352 - instabot version: 0.117.0 (api_login) - DEBUG - Loading cookies
2021-11-09 19:28:44,356 - instabot version: 0.117.0 (api_login) - DEBUG - Loading cookies
2021-11-09 19:28:47,363 - instabot version: 0.117.0 (api_login) - DEBUG - Loading cookies
2021-11-09 19:28:50,369 - instabot version: 0.117.0 (api_login) - DEBUG - Loading cookies
2021-11-09 19:28:53,374 - instabot version: 0.117.0 (api_login) - DEBUG - Loading cookies
2021-11-09 19:28:56,380 - instabot version: 0.117.0 (api_login) - DEBUG - Loading cookies
2021-11-09 19:28:59,391 - instabot version: 0.117.0 (api_login) - DEBUG - Loading cookies
2021-11-09 19:29:02,400 - instabot version: 0.117.0 (api_login) - DEBUG - Loading cookies
2021-11-09 19:29:05,408 - instabot version: 0.117.0 (api_login) - DEBUG - Loading cookies
2021-11-09 19:29:08,417 - instabot version: 0.117.0 (api_login) - DEBUG - Loading cookies
2021-11-09 19:29:11,423 - instabot version: 0.117.0 (api_login) - DEBUG - Loading cookies
2021-11-09 19:29:14,433 - instabot version: 0.117.0 (api_login) - DEBUG - Loading cookies
2021-11-09 19:29:17,440 - instabot version: 0.117.0 (api_login) - DEBUG - Loading cookies
2021-11-09 19:29:20,449 - instabot version: 0.117.0 (api_login) - DEBUG - Loading cookies
2021-11-09 19:29:23,461 - instabot version: 0.117.0 (api_login) - DEBUG - Loading cookies
2021-11-09 19:29:26,470 - instabot version: 0.117.0 (api_login) - DEBUG - Loading cookies
2021-11-09 19:29:29,480 - instabot version: 0.117.0 (api_login) - DEBUG - Loading cookies
2021-11-09 19:29:32,492 - instabot version: 0.117.0 (api_login) - DEBUG - Loading cookies
2021-11-09 19:29:35,502 - instabot version: 0.117.0 (api_login) - DEBUG - Loading cookies
2021-11-09 19:29:38,512 - instabot version: 0.117.0 (api_login) - DEBUG - Loading cookies
2021-11-09 19:29:41,517 - instabot version: 0.117.0 (api_login) - DEBUG - Loading cookies
2021-11-09 19:29:44,526 - instabot version: 0.117.0 (api_login) - DEBUG - Loading cookies
2021-11-09 19:29:47,528 - instabot version: 0.117.0 (api_login) - DEBUG - Loading cookies
2021-11-09 19:29:50,531 - instabot version: 0.117.0 (api_login) - DEBUG - Loading cookies
2021-11-09 19:29:53,539 - instabot version: 0.117.0 (api_login) - DEBUG - Loading cookies
2021-11-09 19:29:56,546 - instabot version: 0.117.0 (api_login) - DEBUG - Loading cookies
2021-11-09 19:29:59,558 - instabot version: 0.117.0 (api_login) - DEBUG - Loading cookies
2021-11-09 19:30:02,564 - instabot version: 0.117.0 (api_login) - DEBUG - Loading cookies
2021-11-09 19:30:05,566 - instabot version: 0.117.0 (api_login) - DEBUG - Loading cookies
2021-11-09 19:30:08,574 - instabot version: 0.117.0 (api_login) - DEBUG - Loading cookies
2021-11-09 19:30:11,582 - instabot version: 0.117.0 (api_login) - DEBUG - Loading cookies
2021-11-09 19:30:14,585 - instabot version: 0.117.0 (api_login) - DEBUG - Loading cookies
2021-11-09 19:30:17,595 - instabot version: 0.117.0 (api_login) - DEBUG - Loading cookies
2021-11-09 19:30:20,601 - instabot version: 0.117.0 (api_login) - DEBUG - Loading cookies
2021-11-09 19:30:23,602 - instabot version: 0.117.0 (api_login) - DEBUG - Loading cookies
2021-11-09 19:30:26,605 - instabot version: 0.117.0 (api_login) - DEBUG - Loading cookies
2021-11-09 19:30:29,614 - instabot version: 0.117.0 (api_login) - DEBUG - Loading cookies
2021-11-09 19:30:32,618 - instabot version: 0.117.0 (api_login) - DEBUG - Loading cookies
2021-11-09 19:30:35,626 - instabot version: 0.117.0 (api_login) - DEBUG - Loading cookies
2021-11-09 19:30:38,637 - instabot version: 0.117.0 (api_login) - DEBUG - Loading cookies
2021-11-09 19:30:41,639 - instabot version: 0.117.0 (api_login) - DEBUG - Loading cookies
2021-11-09 19:30:44,647 - instabot version: 0.117.0 (api_login) - DEBUG - Loading cookies
2021-11-09 19:30:47,652 - instabot version: 0.117.0 (api_login) - DEBUG - Loading cookies
2021-11-09 19:30:50,658 - instabot version: 0.117.0 (api_login) - DEBUG - Loading cookies
2021-11-09 19:30:53,670 - instabot version: 0.117.0 (api_login) - DEBUG - Loading cookies
2021-11-09 19:30:56,679 - instabot version: 0.117.0 (api_login) - DEBUG - Loading cookies
2021-11-09 19:30:59,685 - instabot version: 0.117.0 (api_login) - DEBUG - Loading cookies
2021-11-09 19:31:02,691 - instabot version: 0.117.0 (api_login) - DEBUG - Loading cookies
2021-11-09 19:31:05,699 - instabot version: 0.117.0 (api_login) - DEBUG - Loading cookies
2021-11-09 19:31:08,704 - instabot version: 0.117.0 (api_login) - DEBUG - Loading cookies
2021-11-09 19:31:11,712 - instabot version: 0.117.0 (api_login) - DEBUG - Loading cookies
2021-11-09 19:31:14,721 - instabot version: 0.117.0 (api_login) - DEBUG - Loading cookies
2021-11-09 19:31:17,728 - instabot version: 0.117.0 (api_login) - DEBUG - Loading cookies
2021-11-09 19:31:20,739 - instabot version: 0.117.0 (api_login) - DEBUG - Loading cookies
2021-11-09 19:31:23,747 - instabot version: 0.117.0 (api_login) - DEBUG - Loading cookies
2021-11-09 19:31:26,751 - instabot version: 0.117.0 (api_login) - DEBUG - Loading cookies
2021-11-09 19:31:29,761 - instabot version: 0.117.0 (api_login) - DEBUG - Loading cookies
2021-11-09 19:31:32,769 - instabot version: 0.117.0 (api_login) - DEBUG - Loading cookies
2021-11-09 19:31:35,774 - instabot version: 0.117.0 (api_login) - DEBUG - Loading cookies
2021-11-09 19:31:38,775 - instabot version: 0.117.0 (api_login) - DEBUG - Loading cookies
2021-11-09 19:31:41,783 - instabot version: 0.117.0 (api_login) - DEBUG - Loading cookies
2021-11-09 19:31:44,791 - instabot version: 0.117.0 (api_login) - DEBUG - Loading cookies
2021-11-09 19:31:47,798 - instabot version: 0.117.0 (api_login) - DEBUG - Loading cookies
2021-11-09 19:31:50,807 - instabot version: 0.117.0 (api_login) - DEBUG - Loading cookies
2021-11-09 19:31:53,818 - instabot version: 0.117.0 (api_login) - DEBUG - Loading cookies
2021-11-09 19:31:56,828 - instabot version: 0.117.0 (api_login) - DEBUG - Loading cookies
2021-11-09 19:31:59,832 - instabot version: 0.117.0 (api_login) - DEBUG - Loading cookies
2021-11-09 19:32:02,842 - instabot version: 0.117.0 (api_login) - DEBUG - Loading cookies
2021-11-09 19:32:05,844 - instabot version: 0.117.0 (api_login) - DEBUG - Loading cookies
2021-11-09 19:32:08,849 - instabot version: 0.117.0 (api_login) - DEBUG - Loading cookies
2021-11-09 19:32:11,856 - instabot version: 0.117.0 (api_login) - DEBUG - Loading cookies
2021-11-09 19:32:14,865 - instabot version: 0.117.0 (api_login) - DEBUG - Loading cookies
2021-11-09 19:32:17,868 - instabot version: 0.117.0 (api_login) - DEBUG - Loading cookies
2021-11-09 19:32:20,878 - instabot version: 0.117.0 (api_login) - DEBUG - Loading cookies
2021-11-09 19:32:23,887 - instabot version: 0.117.0 (api_login) - DEBUG - Loading cookies
2021-11-09 19:32:26,897 - instabot version: 0.117.0 (api_login) - DEBUG - Loading cookies
2021-11-09 19:32:29,907 - instabot version: 0.117.0 (api_login) - DEBUG - Loading cookies
2021-11-09 19:32:32,916 - instabot version: 0.117.0 (api_login) - DEBUG - Loading cookies
2021-11-09 19:32:35,928 - instabot version: 0.117.0 (api_login) - DEBUG - Loading cookies
2021-11-09 19:32:38,939 - instabot version: 0.117.0 (api_login) - DEBUG - Loading cookies
2021-11-09 19:32:41,941 - instabot version: 0.117.0 (api_login) - DEBUG - Loading cookies
2021-11-09 19:32:44,948 - instabot version: 0.117.0 (api_login) - DEBUG - Loading cookies
2021-11-09 19:32:47,959 - instabot version: 0.117.0 (api_login) - DEBUG - Loading cookies
2021-11-09 19:32:50,968 - instabot version: 0.117.0 (api_login) - DEBUG - Loading cookies
2021-11-09 19:32:53,974 - instabot version: 0.117.0 (api_login) - DEBUG - Loading cookies
2021-11-09 19:32:56,985 - instabot version: 0.117.0 (api_login) - DEBUG - Loading cookies
2021-11-09 19:32:59,995 - instabot version: 0.117.0 (api_login) - DEBUG - Loading cookies
2021-11-09 19:33:03,002 - instabot version: 0.117.0 (api_login) - DEBUG - Loading cookies
2021-11-09 19:33:06,012 - instabot version: 0.117.0 (api_login) - DEBUG - Loading cookies
2021-11-09 19:33:09,021 - instabot version: 0.117.0 (api_login) - DEBUG - Loading cookies
2021-11-09 19:33:12,028 - instabot version: 0.117.0 (api_login) - DEBUG - Loading cookies
2021-11-09 19:33:15,031 - instabot version: 0.117.0 (api_login) - DEBUG - Loading cookies
2021-11-09 19:33:18,034 - instabot version: 0.117.0 (api_login) - DEBUG - Loading cookies
2021-11-09 19:33:21,038 - instabot version: 0.117.0 (api_login) - DEBUG - Loading cookies
2021-11-09 19:33:24,048 - instabot version: 0.117.0 (api_login) - DEBUG - Loading cookies
2021-11-09 19:33:27,050 - instabot version: 0.117.0 (api_login) - DEBUG - Loading cookies
2021-11-09 19:33:30,058 - instabot version: 0.117.0 (api_login) - DEBUG - Loading cookies
2021-11-09 19:33:33,064 - instabot version: 0.117.0 (api_login) - DEBUG - Loading cookies
2021-11-09 19:33:36,072 - instabot version: 0.117.0 (api_login) - DEBUG - Loading cookies
2021-11-09 19:33:39,084 - instabot version: 0.117.0 (api_login) - DEBUG - Loading cookies
2021-11-09 19:33:42,090 - instabot version: 0.117.0 (api_login) - DEBUG - Loading cookies
2021-11-09 19:33:45,093 - instabot version: 0.117.0 (api_login) - DEBUG - Loading cookies
2021-11-09 19:33:48,098 - instabot version: 0.117.0 (api_login) - DEBUG - Loading cookies
2021-11-09 19:33:51,104 - instabot version: 0.117.0 (api_login) - DEBUG - Loading cookies
2021-11-09 19:33:54,109 - instabot version: 0.117.0 (api_login) - DEBUG - Loading cookies
2021-11-09 19:33:57,117 - instabot version: 0.117.0 (api_login) - DEBUG - Loading cookies
2021-11-09 19:34:00,128 - instabot version: 0.117.0 (api_login) - DEBUG - Loading cookies
2021-11-09 19:34:03,137 - instabot version: 0.117.0 (api_login) - DEBUG - Loading cookies
2021-11-09 19:34:06,142 - instabot version: 0.117.0 (api_login) - DEBUG - Loading cookies
2021-11-09 19:34:09,147 - instabot version: 0.117.0 (api_login) - DEBUG - Loading cookies
2021-11-09 19:34:12,159 - instabot version: 0.117.0 (api_login) - DEBUG - Loading cookies
2021-11-09 19:34:15,161 - instabot version: 0.117.0 (api_login) - DEBUG - Loading cookies
2021-11-09 19:34:18,172 - instabot version: 0.117.0 (api_login) - DEBUG - Loading cookies
2021-11-09 19:34:21,176 - instabot version: 0.117.0 (api_login) - DEBUG - Loading cookies
2021-11-09 19:34:24,186 - instabot version: 0.117.0 (api_login) - DEBUG - Loading cookies
2021-11-09 19:34:27,190 - instabot version: 0.117.0 (api_login) - DEBUG - Loading cookies
2021-11-09 19:34:30,194 - instabot version: 0.117.0 (api_login) - DEBUG - Loading cookies
2021-11-09 19:34:33,196 - instabot version: 0.117.0 (api_login) - DEBUG - Loading cookies
2021-11-09 19:34:36,208 - instabot version: 0.117.0 (api_login) - DEBUG - Loading cookies
2021-11-09 19:34:39,219 - instabot version: 0.117.0 (api_login) - DEBUG - Loading cookies
2021-11-09 19:34:42,228 - instabot version: 0.117.0 (api_login) - DEBUG - Loading cookies
2021-11-09 19:34:45,238 - instabot version: 0.117.0 (api_login) - DEBUG - Loading cookies
2021-11-09 19:34:48,242 - instabot version: 0.117.0 (api_login) - DEBUG - Loading cookies
2021-11-09 19:34:51,248 - instabot version: 0.117.0 (api_login) - DEBUG - Loading cookies
2021-11-09 19:34:54,253 - instabot version: 0.117.0 (api_login) - DEBUG - Loading cookies
2021-11-09 19:34:57,263 - instabot version: 0.117.0 (api_login) - DEBUG - Loading cookies
2021-11-09 19:35:00,271 - instabot version: 0.117.0 (api_login) - DEBUG - Loading cookies
2021-11-09 19:35:03,276 - instabot version: 0.117.0 (api_login) - DEBUG - Loading cookies
2021-11-09 19:35:06,280 - instabot version: 0.117.0 (api_login) - DEBUG - Loading cookies
2021-11-09 19:35:09,286 - instabot version: 0.117.0 (api_login) - DEBUG - Loading cookies
2021-11-09 19:35:12,290 - instabot version: 0.117.0 (api_login) - DEBUG - Loading cookies
2021-11-09 19:35:15,292 - instabot version: 0.117.0 (api_login) - DEBUG - Loading cookies
2021-11-09 19:35:18,301 - instabot version: 0.117.0 (api_login) - DEBUG - Loading cookies
2021-11-09 19:35:21,310 - instabot version: 0.117.0 (api_login) - DEBUG - Loading cookies
2021-11-09 19:35:24,320 - instabot version: 0.117.0 (api_login) - DEBUG - Loading cookies
2021-11-09 19:35:27,322 - instabot version: 0.117.0 (api_login) - DEBUG - Loading cookies
2021-11-09 19:35:30,327 - instabot version: 0.117.0 (api_login) - DEBUG - Loading cookies
2021-11-09 19:35:33,335 - instabot version: 0.117.0 (api_login) - DEBUG - Loading cookies
2021-11-09 19:35:36,336 - instabot version: 0.117.0 (api_login) - DEBUG - Loading cookies
2021-11-09 19:35:39,344 - instabot version: 0.117.0 (api_login) - DEBUG - Loading cookies
2021-11-09 19:35:42,356 - instabot version: 0.117.0 (api_login) - DEBUG - Loading cookies
2021-11-09 19:35:45,364 - instabot version: 0.117.0 (api_login) - DEBUG - Loading cookies
2021-11-09 19:35:48,371 - instabot version: 0.117.0 (api_login) - DEBUG - Loading cookies
2021-11-09 19:35:51,382 - instabot version: 0.117.0 (api_login) - DEBUG - Loading cookies
2021-11-09 19:35:54,392 - instabot version: 0.117.0 (api_login) - DEBUG - Loading cookies
